#
# There is insufficient memory for the Java Runtime Environment to continue.
# Native memory allocation (malloc) failed to allocate 1532016 bytes for Chunk::new
# Possible reasons:
#   The system is out of physical RAM or swap space
#   In 32 bit mode, the process size limit was hit
# Possible solutions:
#   Reduce memory load on the system
#   Increase physical memory or swap space
#   Check if swap backing store is full
#   Use 64 bit Java on a 64 bit OS
#   Decrease Java heap size (-Xmx/-Xms)
#   Decrease number of Java threads
#   Decrease Java thread stack sizes (-Xss)
#   Set larger code cache with -XX:ReservedCodeCacheSize=
# This output file may be truncated or incomplete.
#
#  Out of Memory Error (allocation.cpp:390), pid=5740, tid=8112
#
# JRE version: Java(TM) SE Runtime Environment (8.0_65-b17) (build 1.8.0_65-b17)
# Java VM: Java HotSpot(TM) 64-Bit Server VM (25.65-b01 mixed mode windows-amd64 compressed oops)
# Failed to write core dump. Minidumps are not enabled by default on client versions of Windows
#

---------------  T H R E A D  ---------------

Current thread (0x00000000071f1000):  JavaThread "C2 CompilerThread1" daemon [_thread_in_native, id=8112, stack(0x00000000075f0000,0x00000000076f0000)]

Stack: [0x00000000075f0000,0x00000000076f0000]
[error occurred during error reporting (printing stack bounds), id 0xc0000005]

Native frames: (J=compiled Java code, j=interpreted, Vv=VM code, C=native code)


Current CompileTask:
C2:   9871 1766   !   4       com.android.dx.cf.code.Ropper::processBlock (1101 bytes)


---------------  P R O C E S S  ---------------

Java Threads: ( => current thread )
  0x00000000074cd800 JavaThread "pool-1-thread-4" [_thread_blocked, id=5680, stack(0x0000000007df0000,0x0000000007ef0000)]
  0x00000000073b5000 JavaThread "pool-1-thread-3" [_thread_blocked, id=3968, stack(0x0000000007cf0000,0x0000000007df0000)]
  0x000000000739e000 JavaThread "pool-1-thread-2" [_thread_blocked, id=7884, stack(0x0000000007bf0000,0x0000000007cf0000)]
  0x000000000739b000 JavaThread "pool-2-thread-1" [_thread_blocked, id=1528, stack(0x0000000007af0000,0x0000000007bf0000)]
  0x0000000007399800 JavaThread "pool-1-thread-1" [_thread_blocked, id=3596, stack(0x00000000079f0000,0x0000000007af0000)]
  0x000000000724e800 JavaThread "Service Thread" daemon [_thread_blocked, id=3080, stack(0x00000000077f0000,0x00000000078f0000)]
  0x000000000724b000 JavaThread "C1 CompilerThread2" daemon [_thread_blocked, id=6932, stack(0x00000000076f0000,0x00000000077f0000)]
=>0x00000000071f1000 JavaThread "C2 CompilerThread1" daemon [_thread_in_native, id=8112, stack(0x00000000075f0000,0x00000000076f0000)]
  0x0000000005ba0800 JavaThread "C2 CompilerThread0" daemon [_thread_blocked, id=8184, stack(0x00000000070f0000,0x00000000071f0000)]
  0x0000000005b9e000 JavaThread "Attach Listener" daemon [_thread_blocked, id=5908, stack(0x0000000006ff0000,0x00000000070f0000)]
  0x0000000005bee800 JavaThread "Signal Dispatcher" daemon [_thread_blocked, id=7036, stack(0x0000000006ef0000,0x0000000006ff0000)]
  0x00000000024b0800 JavaThread "Finalizer" daemon [_thread_blocked, id=5916, stack(0x0000000006df0000,0x0000000006ef0000)]
  0x00000000024ad800 JavaThread "Reference Handler" daemon [_thread_blocked, id=8456, stack(0x0000000006cf0000,0x0000000006df0000)]
  0x00000000023c2800 JavaThread "main" [_thread_in_native, id=7564, stack(0x0000000001cf0000,0x0000000001df0000)]

Other Threads:
  0x0000000005b58000 VMThread [stack: 0x0000000006bf0000,0x0000000006cf0000] [id=3284]
  0x0000000007268800 WatcherThread [stack: 0x00000000078f0000,0x00000000079f0000] [id=3860]

VM state:not at safepoint (normal execution)

VM Mutex/Monitor currently owned by a thread: None

Heap:
 PSYoungGen      total 37888K, used 33377K [0x00000000eab00000, 0x00000000ef500000, 0x0000000100000000)
  eden space 32768K, 86% used [0x00000000eab00000,0x00000000ec69fed0,0x00000000ecb00000)
  from space 5120K, 99% used [0x00000000ecb00000,0x00000000ecff8888,0x00000000ed000000)
  to   space 5120K, 0% used [0x00000000ef000000,0x00000000ef000000,0x00000000ef500000)
 ParOldGen       total 86016K, used 9286K [0x00000000c0000000, 0x00000000c5400000, 0x00000000eab00000)
  object space 86016K, 10% used [0x00000000c0000000,0x00000000c0911a90,0x00000000c5400000)
 Metaspace       used 6177K, capacity 7096K, committed 7296K, reserved 1056768K
  class space    used 607K, capacity 624K, committed 640K, reserved 1048576K

Card table byte_map: [0x0000000002880000,0x0000000002a90000] byte_map_base: 0x0000000002280000

Marking Bits: (ParMarkBitMap*) 0x00000000518aa5b0
 Begin Bits: [0x0000000002ff0000, 0x0000000003ff0000)
 End Bits:   [0x0000000003ff0000, 0x0000000004ff0000)

Polling page: 0x0000000001df0000

CodeCache: size=245760Kb used=7864Kb max_used=7877Kb free=237895Kb
 bounds [0x000000000f010000, 0x000000000f7d0000, 0x000000001e010000]
 total_blobs=1987 nmethods=1723 adapters=177
 compilation: enabled

Compilation events (10 events):
Event: 9.759 Thread 0x0000000005ba0800 1762       4       com.android.dx.cf.code.ExecutionStack::<init> (34 bytes)
Event: 9.762 Thread 0x0000000005ba0800 nmethod 1762 0x000000000f770bd0 code [0x000000000f770d20, 0x000000000f770f38]
Event: 9.763 Thread 0x000000000724b000 1782       3       com.android.dx.cf.code.Simulator::requiredArrayTypeFor (61 bytes)
Event: 9.764 Thread 0x000000000724b000 nmethod 1782 0x000000000f788bd0 code [0x000000000f788dc0, 0x000000000f789718]
Event: 9.768 Thread 0x0000000005ba0800 1783       4       java.util.TreeMap$PrivateEntryIterator::hasNext (13 bytes)
Event: 9.769 Thread 0x0000000005ba0800 nmethod 1783 0x000000000f631350 code [0x000000000f631480, 0x000000000f6314f8]
Event: 9.770 Thread 0x0000000005ba0800 1784 %     4       com.android.dx.ssa.Dominators::run @ 89 (506 bytes)
Event: 9.851 Thread 0x0000000005ba0800 nmethod 1784% 0x000000000f7b7410 code [0x000000000f7b7660, 0x000000000f7b8bb8]
Event: 9.851 Thread 0x0000000005ba0800 1785       4       com.android.dx.ssa.SsaConverter::edgeSplitPredecessors (44 bytes)
Event: 9.866 Thread 0x0000000005ba0800 nmethod 1785 0x000000000f7afa10 code [0x000000000f7afbe0, 0x000000000f7b0360]

GC Heap History (6 events):
Event: 2.714 GC heap before
{Heap before GC invocations=1 (full 0):
 PSYoungGen      total 37888K, used 32768K [0x00000000eab00000, 0x00000000ed500000, 0x0000000100000000)
  eden space 32768K, 100% used [0x00000000eab00000,0x00000000ecb00000,0x00000000ecb00000)
  from space 5120K, 0% used [0x00000000ed000000,0x00000000ed000000,0x00000000ed500000)
  to   space 5120K, 0% used [0x00000000ecb00000,0x00000000ecb00000,0x00000000ed000000)
 ParOldGen       total 86016K, used 0K [0x00000000c0000000, 0x00000000c5400000, 0x00000000eab00000)
  object space 86016K, 0% used [0x00000000c0000000,0x00000000c0000000,0x00000000c5400000)
 Metaspace       used 5861K, capacity 6896K, committed 7040K, reserved 1056768K
  class space    used 584K, capacity 616K, committed 640K, reserved 1048576K
Event: 2.725 GC heap after
Heap after GC invocations=1 (full 0):
 PSYoungGen      total 37888K, used 5112K [0x00000000eab00000, 0x00000000ed500000, 0x0000000100000000)
  eden space 32768K, 0% used [0x00000000eab00000,0x00000000eab00000,0x00000000ecb00000)
  from space 5120K, 99% used [0x00000000ecb00000,0x00000000ecffe058,0x00000000ed000000)
  to   space 5120K, 0% used [0x00000000ed000000,0x00000000ed000000,0x00000000ed500000)
 ParOldGen       total 86016K, used 1929K [0x00000000c0000000, 0x00000000c5400000, 0x00000000eab00000)
  object space 86016K, 2% used [0x00000000c0000000,0x00000000c01e2708,0x00000000c5400000)
 Metaspace       used 5861K, capacity 6896K, committed 7040K, reserved 1056768K
  class space    used 584K, capacity 616K, committed 640K, reserved 1048576K
}
Event: 3.405 GC heap before
{Heap before GC invocations=2 (full 0):
 PSYoungGen      total 37888K, used 37880K [0x00000000eab00000, 0x00000000ed500000, 0x0000000100000000)
  eden space 32768K, 100% used [0x00000000eab00000,0x00000000ecb00000,0x00000000ecb00000)
  from space 5120K, 99% used [0x00000000ecb00000,0x00000000ecffe058,0x00000000ed000000)
  to   space 5120K, 0% used [0x00000000ed000000,0x00000000ed000000,0x00000000ed500000)
 ParOldGen       total 86016K, used 1929K [0x00000000c0000000, 0x00000000c5400000, 0x00000000eab00000)
  object space 86016K, 2% used [0x00000000c0000000,0x00000000c01e2708,0x00000000c5400000)
 Metaspace       used 5991K, capacity 7024K, committed 7296K, reserved 1056768K
  class space    used 586K, capacity 616K, committed 640K, reserved 1048576K
Event: 3.423 GC heap after
Heap after GC invocations=2 (full 0):
 PSYoungGen      total 37888K, used 5105K [0x00000000eab00000, 0x00000000ef500000, 0x0000000100000000)
  eden space 32768K, 0% used [0x00000000eab00000,0x00000000eab00000,0x00000000ecb00000)
  from space 5120K, 99% used [0x00000000ed000000,0x00000000ed4fc780,0x00000000ed500000)
  to   space 5120K, 0% used [0x00000000ecb00000,0x00000000ecb00000,0x00000000ed000000)
 ParOldGen       total 86016K, used 4772K [0x00000000c0000000, 0x00000000c5400000, 0x00000000eab00000)
  object space 86016K, 5% used [0x00000000c0000000,0x00000000c04a9030,0x00000000c5400000)
 Metaspace       used 5991K, capacity 7024K, committed 7296K, reserved 1056768K
  class space    used 586K, capacity 616K, committed 640K, reserved 1048576K
}
Event: 3.979 GC heap before
{Heap before GC invocations=3 (full 0):
 PSYoungGen      total 37888K, used 37873K [0x00000000eab00000, 0x00000000ef500000, 0x0000000100000000)
  eden space 32768K, 100% used [0x00000000eab00000,0x00000000ecb00000,0x00000000ecb00000)
  from space 5120K, 99% used [0x00000000ed000000,0x00000000ed4fc780,0x00000000ed500000)
  to   space 5120K, 0% used [0x00000000ecb00000,0x00000000ecb00000,0x00000000ed000000)
 ParOldGen       total 86016K, used 4772K [0x00000000c0000000, 0x00000000c5400000, 0x00000000eab00000)
  object space 86016K, 5% used [0x00000000c0000000,0x00000000c04a9030,0x00000000c5400000)
 Metaspace       used 6150K, capacity 7096K, committed 7296K, reserved 1056768K
  class space    used 606K, capacity 624K, committed 640K, reserved 1048576K
Event: 4.251 GC heap after
Heap after GC invocations=3 (full 0):
 PSYoungGen      total 37888K, used 5090K [0x00000000eab00000, 0x00000000ef500000, 0x0000000100000000)
  eden space 32768K, 0% used [0x00000000eab00000,0x00000000eab00000,0x00000000ecb00000)
  from space 5120K, 99% used [0x00000000ecb00000,0x00000000ecff8888,0x00000000ed000000)
  to   space 5120K, 0% used [0x00000000ef000000,0x00000000ef000000,0x00000000ef500000)
 ParOldGen       total 86016K, used 9286K [0x00000000c0000000, 0x00000000c5400000, 0x00000000eab00000)
  object space 86016K, 10% used [0x00000000c0000000,0x00000000c0911a90,0x00000000c5400000)
 Metaspace       used 6150K, capacity 7096K, committed 7296K, reserved 1056768K
  class space    used 606K, capacity 624K, committed 640K, reserved 1048576K
}

Deoptimization events (10 events):
Event: 3.598 Thread 0x00000000073b5000 Uncommon trap: reason=unstable_if action=reinterpret pc=0x000000000f33dde4 method=java.util.HashMap.putVal(ILjava/lang/Object;Ljava/lang/Object;ZZ)Ljava/lang/Object; @ 162
Event: 3.602 Thread 0x00000000073b5000 Uncommon trap: reason=unstable_if action=reinterpret pc=0x000000000f213890 method=java.util.HashMap.getNode(ILjava/lang/Object;)Ljava/util/HashMap$Node; @ 84
Event: 3.616 Thread 0x00000000074cd800 Uncommon trap: reason=unstable_if action=reinterpret pc=0x000000000f2d99d8 method=java.util.HashMap.getNode(ILjava/lang/Object;)Ljava/util/HashMap$Node; @ 84
Event: 3.872 Thread 0x0000000007399800 Uncommon trap: reason=class_check action=maybe_recompile pc=0x000000000f541794 method=com.android.dx.rop.cst.CstLiteral32.equals(Ljava/lang/Object;)Z @ 20
Event: 3.873 Thread 0x0000000007399800 Uncommon trap: reason=class_check action=maybe_recompile pc=0x000000000f541794 method=com.android.dx.rop.cst.CstLiteral32.equals(Ljava/lang/Object;)Z @ 20
Event: 3.873 Thread 0x0000000007399800 Uncommon trap: reason=class_check action=maybe_recompile pc=0x000000000f541794 method=com.android.dx.rop.cst.CstLiteral32.equals(Ljava/lang/Object;)Z @ 20
Event: 3.874 Thread 0x0000000007399800 Uncommon trap: reason=class_check action=maybe_recompile pc=0x000000000f541794 method=com.android.dx.rop.cst.CstLiteral32.equals(Ljava/lang/Object;)Z @ 20
Event: 5.237 Thread 0x0000000007399800 Uncommon trap: reason=bimorphic action=maybe_recompile pc=0x000000000f6463f4 method=com.android.dx.cf.code.BytecodeArray.parseInstruction(ILcom/android/dx/cf/code/BytecodeArray$Visitor;)I @ 2484
Event: 5.237 Thread 0x0000000007399800 Uncommon trap: reason=bimorphic action=maybe_recompile pc=0x000000000f6463f4 method=com.android.dx.cf.code.BytecodeArray.parseInstruction(ILcom/android/dx/cf/code/BytecodeArray$Visitor;)I @ 2484
Event: 8.972 Thread 0x00000000074cd800 Uncommon trap: reason=unstable_if action=reinterpret pc=0x000000000f6b9dcc method=com.android.dx.cf.code.ByteCatchList.listFor(I)Lcom/android/dx/cf/code/ByteCatchList; @ 47

Internal exceptions (6 events):
Event: 0.046 Thread 0x00000000023c2800 Exception <a 'java/lang/NoSuchMethodError': Method sun.misc.Unsafe.defineClass(Ljava/lang/String;[BII)Ljava/lang/Class; name or signature does not match> (0x00000000eab13060) thrown at [C:\workspace\8-2-build-windows-amd64-cygwin\jdk8u65\4987\hotspot\src\sêjC\ÿß?
Event: 0.047 Thread 0x00000000023c2800 Exception <a 'java/lang/NoSuchMethodError': Method sun.misc.Unsafe.prefetchRead(Ljava/lang/Object;J)V name or signature does not match> (0x00000000eab13348) thrown at [C:\workspace\8-2-build-windows-amd64-cygwin\jdk8u65\4987\hotspot\src\share\vm\prims\jni.Œrü(Ü@
Event: 2.815 Thread 0x000000000739e000 Implicit null exception at 0x000000000f4ce3cf to 0x000000000f4ce529
Event: 3.600 Thread 0x00000000073b5000 Exception <a 'java/lang/ArrayIndexOutOfBoundsException': 18> (0x00000000ebca50c0) thrown at [C:\workspace\8-2-build-windows-amd64-cygwin\jdk8u65\4987\hotspot\src\share\vm\interpreter\interpreterRuntime.cpp, line 366]
Event: 3.601 Thread 0x00000000073b5000 Exception <a 'java/lang/ArrayIndexOutOfBoundsException': 145> (0x00000000ebca6c40) thrown at [C:\workspace\8-2-build-windows-amd64-cygwin\jdk8u65\4987\hotspot\src\share\vm\interpreter\interpreterRuntime.cpp, line 366]
Event: 3.601 Thread 0x00000000073b5000 Exception <a 'java/lang/ArrayIndexOutOfBoundsException'> (0x00000000ebca7f28) thrown at [C:\workspace\8-2-build-windows-amd64-cygwin\jdk8u65\4987\hotspot\src\share\vm\runtime\sharedRuntime.cpp, line 605]

Events (10 events):
Event: 5.237 Thread 0x0000000007399800 DEOPT UNPACKING pc=0x000000000f05582a sp=0x0000000007aee5f8 mode 2
Event: 8.935 loading class com/android/dx/rop/code/RegisterSpec$1
Event: 8.935 loading class com/android/dx/rop/code/RegisterSpec$1 done
Event: 8.972 Thread 0x00000000074cd800 Uncommon trap: trap_request=0xffffff65 fr.pc=0x000000000f6b9dcc
Event: 8.972 Thread 0x00000000074cd800 DEOPT PACKING pc=0x000000000f6b9dcc sp=0x0000000007eeea80
Event: 8.973 Thread 0x00000000074cd800 DEOPT UNPACKING pc=0x000000000f05582a sp=0x0000000007eee8d8 mode 2
Event: 9.033 Thread 0x00000000074cd800 DEOPT PACKING pc=0x000000000f35c9df sp=0x0000000007eeeab0
Event: 9.033 Thread 0x00000000074cd800 DEOPT UNPACKING pc=0x000000000f05787f sp=0x0000000007eee8c0 mode 0
Event: 9.043 Thread 0x00000000074cd800 DEOPT PACKING pc=0x000000000f370883 sp=0x0000000007eeeb60
Event: 9.043 Thread 0x00000000074cd800 DEOPT UNPACKING pc=0x000000000f05787f sp=0x0000000007eee8e0 mode 0


Dynamic libraries:
0x00007ff7a4e80000 - 0x00007ff7a4eb7000 	C:\Program Files\Java\jdk1.8.0_65\bin\java.exe
0x00007ff94f580000 - 0x00007ff94f741000 	C:\Windows\SYSTEM32\ntdll.dll
0x00007ff94f080000 - 0x00007ff94f12d000 	C:\Windows\system32\KERNEL32.DLL
0x00007ff94ca70000 - 0x00007ff94cc4d000 	C:\Windows\system32\KERNELBASE.dll
0x00007ff94e180000 - 0x00007ff94e226000 	C:\Windows\system32\ADVAPI32.dll
0x00007ff94f4d0000 - 0x00007ff94f56d000 	C:\Windows\system32\msvcrt.dll
0x00007ff94e270000 - 0x00007ff94e2cb000 	C:\Windows\system32\sechost.dll
0x00007ff94e950000 - 0x00007ff94ea76000 	C:\Windows\system32\RPCRT4.dll
0x00007ff94ea80000 - 0x00007ff94ebce000 	C:\Windows\system32\USER32.dll
0x00007ff94eef0000 - 0x00007ff94f076000 	C:\Windows\system32\GDI32.dll
0x00007ff9468a0000 - 0x00007ff946b14000 	C:\Windows\WinSxS\amd64_microsoft.windows.common-controls_6595b64144ccf1df_6.0.10240.16384_none_f41f7b285750ef43\COMCTL32.dll
0x00007ff94e230000 - 0x00007ff94e266000 	C:\Windows\system32\IMM32.DLL
0x00007ff94e640000 - 0x00007ff94e79c000 	C:\Windows\system32\MSCTF.dll
0x00007ff94bea0000 - 0x00007ff94bed1000 	C:\Windows\system32\nvinitx.dll
0x00007ff94be90000 - 0x00007ff94be9a000 	C:\Windows\SYSTEM32\VERSION.dll
0x000000000f000000 - 0x000000000f006000 	C:\Program Files\NVIDIA Corporation\CoProcManager\_etoured.dll
0x00007ff949d90000 - 0x00007ff949dc2000 	C:\Program Files\NVIDIA Corporation\CoProcManager\nvd3d9wrapx.dll
0x00007ff94ebe0000 - 0x00007ff94eda5000 	C:\Windows\system32\SETUPAPI.dll
0x00007ff94c9c0000 - 0x00007ff94ca04000 	C:\Windows\system32\CFGMGR32.dll
0x00007ff949c10000 - 0x00007ff949c32000 	C:\Program Files\NVIDIA Corporation\CoProcManager\nvdxgiwrapx.dll
0x0000000050be0000 - 0x0000000050cb2000 	C:\Program Files\Java\jdk1.8.0_65\jre\bin\msvcr100.dll
0x00000000510a0000 - 0x0000000051929000 	C:\Program Files\Java\jdk1.8.0_65\jre\bin\server\jvm.dll
0x00007ff94ebd0000 - 0x00007ff94ebd8000 	C:\Windows\system32\PSAPI.DLL
0x00007ff93b260000 - 0x00007ff93b269000 	C:\Windows\SYSTEM32\WSOCK32.dll
0x00007ff94f460000 - 0x00007ff94f4c9000 	C:\Windows\system32\WS2_32.dll
0x00007ff94f300000 - 0x00007ff94f308000 	C:\Windows\system32\NSI.dll
0x00007ff94a4d0000 - 0x00007ff94a4f3000 	C:\Windows\SYSTEM32\WINMM.dll
0x00007ff94a290000 - 0x00007ff94a2bc000 	C:\Windows\SYSTEM32\WINMMBASE.dll
0x00007ff94a830000 - 0x00007ff94a857000 	C:\Windows\SYSTEM32\DEVOBJ.dll
0x0000000051090000 - 0x000000005109f000 	C:\Program Files\Java\jdk1.8.0_65\jre\bin\verify.dll
0x0000000051060000 - 0x0000000051089000 	C:\Program Files\Java\jdk1.8.0_65\jre\bin\java.dll
0x0000000051040000 - 0x0000000051056000 	C:\Program Files\Java\jdk1.8.0_65\jre\bin\zip.dll
0x00007ff94cc50000 - 0x00007ff94e172000 	C:\Windows\system32\SHELL32.dll
0x00007ff94c2d0000 - 0x00007ff94c8f8000 	C:\Windows\system32\windows.storage.dll
0x00007ff94e3c0000 - 0x00007ff94e63c000 	C:\Windows\system32\combase.dll
0x00007ff94f130000 - 0x00007ff94f181000 	C:\Windows\system32\shlwapi.dll
0x00007ff94c040000 - 0x00007ff94c04f000 	C:\Windows\system32\kernel.appcore.dll
0x00007ff94c900000 - 0x00007ff94c9b3000 	C:\Windows\system32\shcore.dll
0x00007ff94bfb0000 - 0x00007ff94bffa000 	C:\Windows\system32\powrprof.dll
0x00007ff94c000000 - 0x00007ff94c013000 	C:\Windows\system32\profapi.dll

VM Arguments:
jvm_args: -Xmx1024M -Dfile.encoding=GBK -Duser.country=CN -Duser.language=zh -Duser.variant 
java_command: com.android.dx.command.Main --dex --num-threads=4 --output D:\sjs\android_projects\save\Save\app\build\intermediates\pre-dexed\debug\okhttp-2.5.0_6d612095bb2fd56e2bc1bf01d945d8448def6444.jar D:\sjs\android_projects\save\Save\app\build\intermediates\transforms\CLASSES_and_RESOURCES\EXTERNAL_LIBRARIES\extractJars\debug\okhttp-2.5.0.jar--398044645
java_class_path (initial): D:\sjs\adt-bundle-windows-x86_64-20131030\sdk\build-tools\23.0.2\lib\dx.jar
Launcher Type: SUN_STANDARD

Environment Variables:
JAVA_HOME=C:\Program Files\Java\jdk1.8.0_65
CLASSPATH= .;C:\Program Files\Java\jdk1.8.0_65\lib;C:\Program Files\Java\jdk1.8.0_65\lib\tools.jar
PATH=C:\ProgramData\Oracle\Java\javapath;C:\Program Files (x86)\Intel\iCLS Client\;C:\Program Files\Intel\iCLS Client\;C:\Windows\system32;C:\Windows;C:\Windows\System32\Wbem;C:\Windows\System32\WindowsPowerShell\v1.0\;C:\Program Files\Java\jdk1.8.0_65\bin;C:\Program Files\Java\jdk1.8.0_65\jre\bin;D:\sjs±∏∑›Œƒº˛\adt-bundle-windows-x86_64-20131030\sdk\platform-tools;D:\sjs±∏∑›Œƒº˛\adt-bundle-windows-x86_64-20131030\sdk\tools;;C:\Program Files (x86)\NVIDIA Corporation\PhysX\Common;C:\Program Files (x86)\Windows Kits\8.1\Windows Performance Toolkit\;C:\Program Files\Microsoft SQL Server\110\Tools\Binn\;C:\Python27;C:\Program Files (x86)\QuickTime\QTSystem\;C:\Python27\Scripts;C:\Program Files\MySQL\bin;C:\Program Files (x86)\MySQL\MySQL Fabric 1.5 & MySQL Utilities 1.5\;C:\Program Files (x86)\MySQL\MySQL Fabric 1.5 & MySQL Utilities 1.5\Doctrine extensions for PHP\
USERNAME=xdsjs
OS=Windows_NT
PROCESSOR_IDENTIFIER=Intel64 Family 6 Model 58 Stepping 9, GenuineIntel



---------------  S Y S T E M  ---------------

OS: Windows 10.0 , 64 bit Build 10240 (10.0.10240.16384)

CPU:total 4 (2 cores per cpu, 2 threads per core) family 6 model 58 stepping 9, cmov, cx8, fxsr, mmx, sse, sse2, sse3, ssse3, sse4.1, sse4.2, popcnt, avx, aes, clmul, erms, ht, tsc, tscinvbit, tscinv

Memory: 4k page, physical 8202600k(1768968k free), swap 8202600k(5496k free)

vm_info: Java HotSpot(TM) 64-Bit Server VM (25.65-b01) for windows-amd64 JRE (1.8.0_65-b17), built on Oct  6 2015 16:39:20 by "java_re" with MS VC++ 10.0 (VS2010)

time: Fri Nov 27 14:43:57 2015
elapsed time: 9 seconds (0d 0h 0m 9s)

