#
# There is insufficient memory for the Java Runtime Environment to continue.
# Native memory allocation (malloc) failed to allocate 1048576 bytes for AllocateHeap
# Possible reasons:
#   The system is out of physical RAM or swap space
#   In 32 bit mode, the process size limit was hit
# Possible solutions:
#   Reduce memory load on the system
#   Increase physical memory or swap space
#   Check if swap backing store is full
#   Use 64 bit Java on a 64 bit OS
#   Decrease Java heap size (-Xmx/-Xms)
#   Decrease number of Java threads
#   Decrease Java thread stack sizes (-Xss)
#   Set larger code cache with -XX:ReservedCodeCacheSize=
# This output file may be truncated or incomplete.
#
#  Out of Memory Error (memory/allocation.inline.hpp:61), pid=7444, tid=8840
#
# JRE version:  (8.0_65-b17) (build )
# Java VM: Java HotSpot(TM) 64-Bit Server VM (25.65-b01 mixed mode windows-amd64 compressed oops)
# Failed to write core dump. Minidumps are not enabled by default on client versions of Windows
#

---------------  T H R E A D  ---------------

Current thread (0x00000000029ad800):  JavaThread "Unknown thread" [_thread_in_vm, id=8840, stack(0x00000000029b0000,0x0000000002ab0000)]

Stack: [0x00000000029b0000,0x0000000002ab0000]
[error occurred during error reporting (printing stack bounds), id 0xc0000005]

Native frames: (J=compiled Java code, j=interpreted, Vv=VM code, C=native code)


---------------  P R O C E S S  ---------------

Java Threads: ( => current thread )

Other Threads:

=>0x00000000029ad800 (exited) JavaThread "Unknown thread" [_thread_in_vm, id=8840, stack(0x00000000029b0000,0x0000000002ab0000)]

VM state:not at safepoint (normal execution)

VM Mutex/Monitor currently owned by a thread: None

Heap:
 PSYoungGen      total 37888K, used 655K [0x00000000eab00000, 0x00000000ed500000, 0x0000000100000000)
  eden space 32768K, 2% used [0x00000000eab00000,0x00000000eaba3d80,0x00000000ecb00000)
  from space 5120K, 0% used [0x00000000ed000000,0x00000000ed000000,0x00000000ed500000)
  to   space 5120K, 0% used [0x00000000ecb00000,0x00000000ecb00000,0x00000000ed000000)
 ParOldGen       total 86016K, used 0K [0x00000000c0000000, 0x00000000c5400000, 0x00000000eab00000)
  object space 86016K, 0% used [0x00000000c0000000,0x00000000c0000000,0x00000000c5400000)
 Metaspace       used 767K, capacity 4480K, committed 4480K, reserved 1056768K
  class space    used 75K, capacity 384K, committed 384K, reserved 1048576K

Card table byte_map: [0x0000000002f70000,0x0000000003180000] byte_map_base: 0x0000000002970000

Marking Bits: (ParMarkBitMap*) 0x00000000518aa5b0
 Begin Bits: [0x00000000036e0000, 0x00000000046e0000)
 End Bits:   [0x00000000046e0000, 0x00000000056e0000)

Polling page: 0x0000000002420000

CodeCache: size=245760Kb used=328Kb max_used=328Kb free=245431Kb
 bounds [0x000000000f010000, 0x000000000f280000, 0x000000001e010000]
 total_blobs=57 nmethods=0 adapters=37
 compilation: enabled

Compilation events (0 events):
No events

GC Heap History (0 events):
No events

Deoptimization events (0 events):
No events

Internal exceptions (0 events):
No events

Events (10 events):
Event: 0.253 loading class java/lang/Short
Event: 0.253 loading class java/lang/Short done
Event: 0.253 loading class java/lang/Integer
Event: 0.253 loading class java/lang/Integer done
Event: 0.253 loading class java/lang/Long
Event: 0.253 loading class java/lang/Long done
Event: 0.254 loading class java/lang/NullPointerException
Event: 0.254 loading class java/lang/NullPointerException done
Event: 0.254 loading class java/lang/ArithmeticException
Event: 0.254 loading class java/lang/ArithmeticException done


Dynamic libraries:
0x00007ff7a4e80000 - 0x00007ff7a4eb7000 	C:\Program Files\Java\jdk1.8.0_65\bin\java.exe
0x00007ff94f580000 - 0x00007ff94f741000 	C:\Windows\SYSTEM32\ntdll.dll
0x00007ff94f080000 - 0x00007ff94f12d000 	C:\Windows\system32\KERNEL32.DLL
0x00007ff94ca70000 - 0x00007ff94cc4d000 	C:\Windows\system32\KERNELBASE.dll
0x00007ff94e180000 - 0x00007ff94e226000 	C:\Windows\system32\ADVAPI32.dll
0x00007ff94f4d0000 - 0x00007ff94f56d000 	C:\Windows\system32\msvcrt.dll
0x00007ff94e270000 - 0x00007ff94e2cb000 	C:\Windows\system32\sechost.dll
0x00007ff94e950000 - 0x00007ff94ea76000 	C:\Windows\system32\RPCRT4.dll
0x00007ff94ea80000 - 0x00007ff94ebce000 	C:\Windows\system32\USER32.dll
0x00007ff94eef0000 - 0x00007ff94f076000 	C:\Windows\system32\GDI32.dll
0x00007ff9468a0000 - 0x00007ff946b14000 	C:\Windows\WinSxS\amd64_microsoft.windows.common-controls_6595b64144ccf1df_6.0.10240.16384_none_f41f7b285750ef43\COMCTL32.dll
0x00007ff94e230000 - 0x00007ff94e266000 	C:\Windows\system32\IMM32.DLL
0x00007ff94e640000 - 0x00007ff94e79c000 	C:\Windows\system32\MSCTF.dll
0x00007ff94bea0000 - 0x00007ff94bed1000 	C:\Windows\system32\nvinitx.dll
0x00007ff94be90000 - 0x00007ff94be9a000 	C:\Windows\SYSTEM32\VERSION.dll
0x000000000f000000 - 0x000000000f006000 	C:\Program Files\NVIDIA Corporation\CoProcManager\_etoured.dll
0x00007ff949d90000 - 0x00007ff949dc2000 	C:\Program Files\NVIDIA Corporation\CoProcManager\nvd3d9wrapx.dll
0x00007ff94ebe0000 - 0x00007ff94eda5000 	C:\Windows\system32\SETUPAPI.dll
0x00007ff94c9c0000 - 0x00007ff94ca04000 	C:\Windows\system32\CFGMGR32.dll
0x00007ff949c10000 - 0x00007ff949c32000 	C:\Program Files\NVIDIA Corporation\CoProcManager\nvdxgiwrapx.dll
0x0000000050be0000 - 0x0000000050cb2000 	C:\Program Files\Java\jdk1.8.0_65\jre\bin\msvcr100.dll
0x00000000510a0000 - 0x0000000051929000 	C:\Program Files\Java\jdk1.8.0_65\jre\bin\server\jvm.dll
0x00007ff94ebd0000 - 0x00007ff94ebd8000 	C:\Windows\system32\PSAPI.DLL
0x00007ff945790000 - 0x00007ff945799000 	C:\Windows\SYSTEM32\WSOCK32.dll
0x00007ff94f460000 - 0x00007ff94f4c9000 	C:\Windows\system32\WS2_32.dll
0x00007ff94f300000 - 0x00007ff94f308000 	C:\Windows\system32\NSI.dll
0x00007ff94a4d0000 - 0x00007ff94a4f3000 	C:\Windows\SYSTEM32\WINMM.dll
0x00007ff94a290000 - 0x00007ff94a2bc000 	C:\Windows\SYSTEM32\WINMMBASE.dll
0x00007ff94a830000 - 0x00007ff94a857000 	C:\Windows\SYSTEM32\DEVOBJ.dll
0x0000000051090000 - 0x000000005109f000 	C:\Program Files\Java\jdk1.8.0_65\jre\bin\verify.dll
0x0000000051060000 - 0x0000000051089000 	C:\Program Files\Java\jdk1.8.0_65\jre\bin\java.dll
0x0000000051040000 - 0x0000000051056000 	C:\Program Files\Java\jdk1.8.0_65\jre\bin\zip.dll

VM Arguments:
jvm_args: -Xmx1024M -Dfile.encoding=GBK -Duser.country=CN -Duser.language=zh -Duser.variant 
java_command: com.android.dx.command.Main --dex --num-threads=4 --output D:\sjs\android_projects\save\Save\app\build\intermediates\pre-dexed\debug\classes_35ccc7fa6e996e2096f114885cc0ff5402364122.jar D:\sjs\android_projects\save\Save\app\build\intermediates\transforms\CLASSES_and_RESOURCES\EXTERNAL_LIBRARIES\extractJars\debug\classes.jar-629835478
java_class_path (initial): D:\sjs\adt-bundle-windows-x86_64-20131030\sdk\build-tools\23.0.2\lib\dx.jar
Launcher Type: SUN_STANDARD

Environment Variables:
JAVA_HOME=C:\Program Files\Java\jdk1.8.0_65
CLASSPATH= .;C:\Program Files\Java\jdk1.8.0_65\lib;C:\Program Files\Java\jdk1.8.0_65\lib\tools.jar
PATH=C:\ProgramData\Oracle\Java\javapath;C:\Program Files (x86)\Intel\iCLS Client\;C:\Program Files\Intel\iCLS Client\;C:\Windows\system32;C:\Windows;C:\Windows\System32\Wbem;C:\Windows\System32\WindowsPowerShell\v1.0\;C:\Program Files\Java\jdk1.8.0_65\bin;C:\Program Files\Java\jdk1.8.0_65\jre\bin;D:\sjs备份文件\adt-bundle-windows-x86_64-20131030\sdk\platform-tools;D:\sjs备份文件\adt-bundle-windows-x86_64-20131030\sdk\tools;;C:\Program Files (x86)\NVIDIA Corporation\PhysX\Common;C:\Program Files (x86)\Windows Kits\8.1\Windows Performance Toolkit\;C:\Program Files\Microsoft SQL Server\110\Tools\Binn\;C:\Python27;C:\Program Files (x86)\QuickTime\QTSystem\;C:\Python27\Scripts;C:\Program Files\MySQL\bin;C:\Program Files (x86)\MySQL\MySQL Fabric 1.5 & MySQL Utilities 1.5\;C:\Program Files (x86)\MySQL\MySQL Fabric 1.5 & MySQL Utilities 1.5\Doctrine extensions for PHP\
USERNAME=xdsjs
OS=Windows_NT
PROCESSOR_IDENTIFIER=Intel64 Family 6 Model 58 Stepping 9, GenuineIntel



---------------  S Y S T E M  ---------------

OS: Windows 10.0 , 64 bit Build 10240 (10.0.10240.16384)

CPU:total 4 (2 cores per cpu, 2 threads per core) family 6 model 58 stepping 9, cmov, cx8, fxsr, mmx, sse, sse2, sse3, ssse3, sse4.1, sse4.2, popcnt, avx, aes, clmul, erms, ht, tsc, tscinvbit, tscinv

Memory: 4k page, physical 8202600k(2126564k free), swap 8202600k(4108k free)

vm_info: Java HotSpot(TM) 64-Bit Server VM (25.65-b01) for windows-amd64 JRE (1.8.0_65-b17), built on Oct  6 2015 16:39:20 by "java_re" with MS VC++ 10.0 (VS2010)

time: Fri Nov 27 14:58:46 2015
elapsed time: 0 seconds (0d 0h 0m 0s)

