#
# There is insufficient memory for the Java Runtime Environment to continue.
# Native memory allocation (malloc) failed to allocate 713296 bytes for Chunk::new
# Possible reasons:
#   The system is out of physical RAM or swap space
#   In 32 bit mode, the process size limit was hit
# Possible solutions:
#   Reduce memory load on the system
#   Increase physical memory or swap space
#   Check if swap backing store is full
#   Use 64 bit Java on a 64 bit OS
#   Decrease Java heap size (-Xmx/-Xms)
#   Decrease number of Java threads
#   Decrease Java thread stack sizes (-Xss)
#   Set larger code cache with -XX:ReservedCodeCacheSize=
# This output file may be truncated or incomplete.
#
#  Out of Memory Error (allocation.cpp:390), pid=7460, tid=5680
#
# JRE version: Java(TM) SE Runtime Environment (8.0_65-b17) (build 1.8.0_65-b17)
# Java VM: Java HotSpot(TM) 64-Bit Server VM (25.65-b01 mixed mode windows-amd64 compressed oops)
# Failed to write core dump. Minidumps are not enabled by default on client versions of Windows
#

---------------  T H R E A D  ---------------

Current thread (0x0000000005b20000):  JavaThread "C2 CompilerThread0" daemon [_thread_in_native, id=5680, stack(0x00000000074e0000,0x00000000075e0000)]

Stack: [0x00000000074e0000,0x00000000075e0000]
[error occurred during error reporting (printing stack bounds), id 0xc0000005]

Native frames: (J=compiled Java code, j=interpreted, Vv=VM code, C=native code)


Current CompileTask:
C2:  14256 1636       4       com.android.dx.ssa.DeadCodeRemover::run (194 bytes)


---------------  P R O C E S S  ---------------

Java Threads: ( => current thread )
  0x00000000071b6000 JavaThread "pool-1-thread-4" [_thread_blocked, id=3580, stack(0x0000000007de0000,0x0000000007ee0000)]
  0x000000000717a800 JavaThread "pool-1-thread-3" [_thread_blocked, id=3188, stack(0x0000000007ce0000,0x0000000007de0000)]
  0x0000000007048800 JavaThread "pool-1-thread-2" [_thread_blocked, id=588, stack(0x0000000007be0000,0x0000000007ce0000)]
  0x0000000007024800 JavaThread "pool-2-thread-1" [_thread_blocked, id=2616, stack(0x0000000007ae0000,0x0000000007be0000)]
  0x0000000007040000 JavaThread "pool-1-thread-1" [_thread_in_vm, id=5580, stack(0x00000000079e0000,0x0000000007ae0000)]
  0x0000000006f43000 JavaThread "Service Thread" daemon [_thread_blocked, id=5944, stack(0x00000000077e0000,0x00000000078e0000)]
  0x0000000006f3e000 JavaThread "C1 CompilerThread2" daemon [_thread_blocked, id=688, stack(0x00000000076e0000,0x00000000077e0000)]
  0x0000000005b6e800 JavaThread "C2 CompilerThread1" daemon [_thread_in_native, id=1508, stack(0x00000000075e0000,0x00000000076e0000)]
=>0x0000000005b20000 JavaThread "C2 CompilerThread0" daemon [_thread_in_native, id=5680, stack(0x00000000074e0000,0x00000000075e0000)]
  0x0000000006f23000 JavaThread "Attach Listener" daemon [_thread_blocked, id=6160, stack(0x00000000073e0000,0x00000000074e0000)]
  0x0000000006f22800 JavaThread "Signal Dispatcher" daemon [_thread_blocked, id=8784, stack(0x00000000072e0000,0x00000000073e0000)]
  0x0000000002430800 JavaThread "Finalizer" daemon [_thread_blocked, id=7524, stack(0x0000000006d80000,0x0000000006e80000)]
  0x000000000242d800 JavaThread "Reference Handler" daemon [_thread_blocked, id=3932, stack(0x0000000006c80000,0x0000000006d80000)]
  0x000000000062d800 JavaThread "main" [_thread_in_native, id=8108, stack(0x0000000002240000,0x0000000002340000)]

Other Threads:
  0x0000000005ad8800 VMThread [stack: 0x0000000006b80000,0x0000000006c80000] [id=6688]
  0x0000000006f55000 WatcherThread [stack: 0x00000000078e0000,0x00000000079e0000] [id=7452]

VM state:not at safepoint (normal execution)

VM Mutex/Monitor currently owned by a thread: None

Heap:
 PSYoungGen      total 37888K, used 25106K [0x00000000eab00000, 0x00000000ed500000, 0x0000000100000000)
  eden space 32768K, 61% used [0x00000000eab00000,0x00000000ebe8b4d0,0x00000000ecb00000)
  from space 5120K, 99% used [0x00000000ed000000,0x00000000ed4f96e8,0x00000000ed500000)
  to   space 5120K, 0% used [0x00000000ecb00000,0x00000000ecb00000,0x00000000ed000000)
 ParOldGen       total 86016K, used 4797K [0x00000000c0000000, 0x00000000c5400000, 0x00000000eab00000)
  object space 86016K, 5% used [0x00000000c0000000,0x00000000c04af410,0x00000000c5400000)
 Metaspace       used 6059K, capacity 7088K, committed 7296K, reserved 1056768K
  class space    used 587K, capacity 616K, committed 640K, reserved 1048576K

Card table byte_map: [0x0000000002800000,0x0000000002a10000] byte_map_base: 0x0000000002200000

Marking Bits: (ParMarkBitMap*) 0x00000000518aa5b0
 Begin Bits: [0x0000000002f70000, 0x0000000003f70000)
 End Bits:   [0x0000000003f70000, 0x0000000004f70000)

Polling page: 0x0000000001e60000

CodeCache: size=245760Kb used=8174Kb max_used=8182Kb free=237585Kb
 bounds [0x000000000f010000, 0x000000000f820000, 0x000000001e010000]
 total_blobs=1900 nmethods=1636 adapters=177
 compilation: enabled

Compilation events (10 events):
Event: 14.046 Thread 0x0000000006f3e000 nmethod 1635 0x000000000f80cbd0 code [0x000000000f80ce40, 0x000000000f80dd68]
Event: 14.050 Thread 0x0000000005b6e800 nmethod 1634 0x000000000f811550 code [0x000000000f811800, 0x000000000f813178]
Event: 14.075 Thread 0x0000000005b20000 1636       4       com.android.dx.ssa.DeadCodeRemover::run (194 bytes)
Event: 14.118 Thread 0x0000000005b6e800 1637       4       com.android.dx.rop.code.RegisterSpec::<init> (8 bytes)
Event: 14.119 Thread 0x0000000005b6e800 nmethod 1637 0x000000000f7a81d0 code [0x000000000f7a8300, 0x000000000f7a83d8]
Event: 14.119 Thread 0x0000000005b6e800 1638       4       com.android.dx.rop.code.RegisterSpec::<init> (48 bytes)
Event: 14.120 Thread 0x0000000005b6e800 nmethod 1638 0x000000000f7fca10 code [0x000000000f7fcb40, 0x000000000f7fcc18]
Event: 14.223 Thread 0x0000000006f3e000 1639       3       com.android.dx.cf.direct.StdAttributeFactory::localVariableTypeTable (98 bytes)
Event: 14.224 Thread 0x0000000006f3e000 nmethod 1639 0x000000000f80f590 code [0x000000000f80f840, 0x000000000f810998]
Event: 14.247 Thread 0x0000000005b6e800 1640       4       com.android.dx.ssa.SsaConverter::edgeSplitSuccessors (98 bytes)

GC Heap History (4 events):
Event: 9.977 GC heap before
{Heap before GC invocations=1 (full 0):
 PSYoungGen      total 37888K, used 32768K [0x00000000eab00000, 0x00000000ed500000, 0x0000000100000000)
  eden space 32768K, 100% used [0x00000000eab00000,0x00000000ecb00000,0x00000000ecb00000)
  from space 5120K, 0% used [0x00000000ed000000,0x00000000ed000000,0x00000000ed500000)
  to   space 5120K, 0% used [0x00000000ecb00000,0x00000000ecb00000,0x00000000ed000000)
 ParOldGen       total 86016K, used 0K [0x00000000c0000000, 0x00000000c5400000, 0x00000000eab00000)
  object space 86016K, 0% used [0x00000000c0000000,0x00000000c0000000,0x00000000c5400000)
 Metaspace       used 5877K, capacity 6960K, committed 7040K, reserved 1056768K
  class space    used 584K, capacity 616K, committed 640K, reserved 1048576K
Event: 10.000 GC heap after
Heap after GC invocations=1 (full 0):
 PSYoungGen      total 37888K, used 5095K [0x00000000eab00000, 0x00000000ed500000, 0x0000000100000000)
  eden space 32768K, 0% used [0x00000000eab00000,0x00000000eab00000,0x00000000ecb00000)
  from space 5120K, 99% used [0x00000000ecb00000,0x00000000ecff9c78,0x00000000ed000000)
  to   space 5120K, 0% used [0x00000000ed000000,0x00000000ed000000,0x00000000ed500000)
 ParOldGen       total 86016K, used 954K [0x00000000c0000000, 0x00000000c5400000, 0x00000000eab00000)
  object space 86016K, 1% used [0x00000000c0000000,0x00000000c00ee998,0x00000000c5400000)
 Metaspace       used 5877K, capacity 6960K, committed 7040K, reserved 1056768K
  class space    used 584K, capacity 616K, committed 640K, reserved 1048576K
}
Event: 11.993 GC heap before
{Heap before GC invocations=2 (full 0):
 PSYoungGen      total 37888K, used 37863K [0x00000000eab00000, 0x00000000ed500000, 0x0000000100000000)
  eden space 32768K, 100% used [0x00000000eab00000,0x00000000ecb00000,0x00000000ecb00000)
  from space 5120K, 99% used [0x00000000ecb00000,0x00000000ecff9c78,0x00000000ed000000)
  to   space 5120K, 0% used [0x00000000ed000000,0x00000000ed000000,0x00000000ed500000)
 ParOldGen       total 86016K, used 954K [0x00000000c0000000, 0x00000000c5400000, 0x00000000eab00000)
  object space 86016K, 1% used [0x00000000c0000000,0x00000000c00ee998,0x00000000c5400000)
 Metaspace       used 6020K, capacity 7088K, committed 7296K, reserved 1056768K
  class space    used 587K, capacity 616K, committed 640K, reserved 1048576K
Event: 12.031 GC heap after
Heap after GC invocations=2 (full 0):
 PSYoungGen      total 37888K, used 5093K [0x00000000eab00000, 0x00000000ed500000, 0x0000000100000000)
  eden space 32768K, 0% used [0x00000000eab00000,0x00000000eab00000,0x00000000ecb00000)
  from space 5120K, 99% used [0x00000000ed000000,0x00000000ed4f96e8,0x00000000ed500000)
  to   space 5120K, 0% used [0x00000000ecb00000,0x00000000ecb00000,0x00000000ed000000)
 ParOldGen       total 86016K, used 4797K [0x00000000c0000000, 0x00000000c5400000, 0x00000000eab00000)
  object space 86016K, 5% used [0x00000000c0000000,0x00000000c04af410,0x00000000c5400000)
 Metaspace       used 6020K, capacity 7088K, committed 7296K, reserved 1056768K
  class space    used 587K, capacity 616K, committed 640K, reserved 1048576K
}

Deoptimization events (10 events):
Event: 11.349 Thread 0x000000000717a800 Uncommon trap: reason=unstable_if action=reinterpret pc=0x000000000f5aef74 method=com.android.dx.ssa.LocalVariableExtractor.processBlock(I)V @ 77
Event: 11.355 Thread 0x000000000717a800 Uncommon trap: reason=null_check action=make_not_entrant pc=0x000000000f3bce7c method=com.android.dx.ssa.SsaRenamer.getLocalForNewReg(I)Lcom/android/dx/rop/code/LocalItem; @ 19
Event: 11.372 Thread 0x000000000717a800 Uncommon trap: reason=bimorphic action=maybe_recompile pc=0x000000000f650e08 method=com.android.dx.ssa.SCCP.setLatticeValueTo(IILcom/android/dx/rop/cst/Constant;)Z @ 43
Event: 11.372 Thread 0x000000000717a800 Uncommon trap: reason=bimorphic action=maybe_recompile pc=0x000000000f650e08 method=com.android.dx.ssa.SCCP.setLatticeValueTo(IILcom/android/dx/rop/cst/Constant;)Z @ 43
Event: 11.372 Thread 0x000000000717a800 Uncommon trap: reason=bimorphic action=maybe_recompile pc=0x000000000f650e08 method=com.android.dx.ssa.SCCP.setLatticeValueTo(IILcom/android/dx/rop/cst/Constant;)Z @ 43
Event: 11.912 Thread 0x00000000071b6000 Uncommon trap: reason=unstable_if action=reinterpret pc=0x000000000f4415d0 method=com.android.dx.ssa.SsaRenamer$BlockRenamer.addMapping(ILcom/android/dx/rop/code/RegisterSpec;)V @ 120
Event: 12.575 Thread 0x0000000007040000 Uncommon trap: reason=unstable_if action=reinterpret pc=0x000000000f50d584 method=com.android.dx.ssa.SsaRenamer$BlockRenamer.addMapping(ILcom/android/dx/rop/code/RegisterSpec;)V @ 120
Event: 12.590 Thread 0x0000000007040000 Uncommon trap: reason=unstable_if action=reinterpret pc=0x000000000f6e6244 method=com.android.dx.cf.code.Merger.isPossiblyAssignableFrom(Lcom/android/dx/rop/type/TypeBearer;Lcom/android/dx/rop/type/TypeBearer;)Z @ 131
Event: 12.592 Thread 0x0000000007040000 Uncommon trap: reason=unstable_if action=reinterpret pc=0x000000000f5d4f88 method=com.android.dx.ssa.SsaRenamer$BlockRenamer.addMapping(ILcom/android/dx/rop/code/RegisterSpec;)V @ 120
Event: 13.759 Thread 0x0000000007048800 Uncommon trap: reason=unstable_if action=reinterpret pc=0x000000000f5eeb70 method=com.android.dx.ssa.SCCP.simulateBranch(Lcom/android/dx/ssa/SsaInsn;)V @ 64

Internal exceptions (4 events):
Event: 1.560 Thread 0x000000000062d800 Exception <a 'java/lang/NoSuchMethodError': Method sun.misc.Unsafe.defineClass(Ljava/lang/String;[BII)Ljava/lang/Class; name or signature does not match> (0x00000000eab13060) thrown at [C:\workspace\8-2-build-windows-amd64-cygwin\jdk8u65\4987\hotspot\src\sシ鼬?
Event: 1.560 Thread 0x000000000062d800 Exception <a 'java/lang/NoSuchMethodError': Method sun.misc.Unsafe.prefetchRead(Ljava/lang/Object;J)V name or signature does not match> (0x00000000eab13348) thrown at [C:\workspace\8-2-build-windows-amd64-cygwin\jdk8u65\4987\hotspot\src\share\vm\prims\jni.!p2-$@
Event: 10.088 Thread 0x0000000007040000 Implicit null exception at 0x000000000f3b34a2 to 0x000000000f3b3592
Event: 11.355 Thread 0x000000000717a800 Implicit null exception at 0x000000000f3bc156 to 0x000000000f3bce4d

Events (10 events):
Event: 12.590 Thread 0x0000000007040000 DEOPT PACKING pc=0x000000000f6e6244 sp=0x0000000007ade230
Event: 12.590 Thread 0x0000000007040000 DEOPT UNPACKING pc=0x000000000f05582a sp=0x0000000007ade1b8 mode 2
Event: 12.592 Thread 0x0000000007040000 Uncommon trap: trap_request=0xffffff65 fr.pc=0x000000000f5d4f88
Event: 12.592 Thread 0x0000000007040000 DEOPT PACKING pc=0x000000000f5d4f88 sp=0x0000000007ade730
Event: 12.592 Thread 0x0000000007040000 DEOPT UNPACKING pc=0x000000000f05582a sp=0x0000000007ade5f0 mode 2
Event: 13.759 Thread 0x0000000007048800 Uncommon trap: trap_request=0xffffff65 fr.pc=0x000000000f5eeb70
Event: 13.759 Thread 0x0000000007048800 DEOPT PACKING pc=0x000000000f5eeb70 sp=0x0000000007cde980
Event: 13.759 Thread 0x0000000007048800 DEOPT UNPACKING pc=0x000000000f05582a sp=0x0000000007cde970 mode 2
Event: 14.117 loading class com/android/dx/rop/code/RegisterSpec$1
Event: 14.117 loading class com/android/dx/rop/code/RegisterSpec$1 done


Dynamic libraries:
0x00007ff7a4e80000 - 0x00007ff7a4eb7000 	C:\Program Files\Java\jdk1.8.0_65\bin\java.exe
0x00007ff94f580000 - 0x00007ff94f741000 	C:\Windows\SYSTEM32\ntdll.dll
0x00007ff94f080000 - 0x00007ff94f12d000 	C:\Windows\system32\KERNEL32.DLL
0x00007ff94ca70000 - 0x00007ff94cc4d000 	C:\Windows\system32\KERNELBASE.dll
0x00007ff94e180000 - 0x00007ff94e226000 	C:\Windows\system32\ADVAPI32.dll
0x00007ff94f4d0000 - 0x00007ff94f56d000 	C:\Windows\system32\msvcrt.dll
0x00007ff94e270000 - 0x00007ff94e2cb000 	C:\Windows\system32\sechost.dll
0x00007ff94e950000 - 0x00007ff94ea76000 	C:\Windows\system32\RPCRT4.dll
0x00007ff94ea80000 - 0x00007ff94ebce000 	C:\Windows\system32\USER32.dll
0x00007ff94eef0000 - 0x00007ff94f076000 	C:\Windows\system32\GDI32.dll
0x00007ff9468a0000 - 0x00007ff946b14000 	C:\Windows\WinSxS\amd64_microsoft.windows.common-controls_6595b64144ccf1df_6.0.10240.16384_none_f41f7b285750ef43\COMCTL32.dll
0x00007ff94e230000 - 0x00007ff94e266000 	C:\Windows\system32\IMM32.DLL
0x00007ff94e640000 - 0x00007ff94e79c000 	C:\Windows\system32\MSCTF.dll
0x00007ff94bea0000 - 0x00007ff94bed1000 	C:\Windows\system32\nvinitx.dll
0x00007ff94be90000 - 0x00007ff94be9a000 	C:\Windows\SYSTEM32\VERSION.dll
0x000000000f000000 - 0x000000000f006000 	C:\Program Files\NVIDIA Corporation\CoProcManager\_etoured.dll
0x00007ff949d90000 - 0x00007ff949dc2000 	C:\Program Files\NVIDIA Corporation\CoProcManager\nvd3d9wrapx.dll
0x00007ff94ebe0000 - 0x00007ff94eda5000 	C:\Windows\system32\SETUPAPI.dll
0x00007ff94c9c0000 - 0x00007ff94ca04000 	C:\Windows\system32\CFGMGR32.dll
0x00007ff949c10000 - 0x00007ff949c32000 	C:\Program Files\NVIDIA Corporation\CoProcManager\nvdxgiwrapx.dll
0x0000000050be0000 - 0x0000000050cb2000 	C:\Program Files\Java\jdk1.8.0_65\jre\bin\msvcr100.dll
0x00000000510a0000 - 0x0000000051929000 	C:\Program Files\Java\jdk1.8.0_65\jre\bin\server\jvm.dll
0x00007ff94ebd0000 - 0x00007ff94ebd8000 	C:\Windows\system32\PSAPI.DLL
0x00007ff945790000 - 0x00007ff945799000 	C:\Windows\SYSTEM32\WSOCK32.dll
0x00007ff94f460000 - 0x00007ff94f4c9000 	C:\Windows\system32\WS2_32.dll
0x00007ff94f300000 - 0x00007ff94f308000 	C:\Windows\system32\NSI.dll
0x00007ff94a4d0000 - 0x00007ff94a4f3000 	C:\Windows\SYSTEM32\WINMM.dll
0x00007ff94a290000 - 0x00007ff94a2bc000 	C:\Windows\SYSTEM32\WINMMBASE.dll
0x00007ff94a830000 - 0x00007ff94a857000 	C:\Windows\SYSTEM32\DEVOBJ.dll
0x0000000051090000 - 0x000000005109f000 	C:\Program Files\Java\jdk1.8.0_65\jre\bin\verify.dll
0x0000000051060000 - 0x0000000051089000 	C:\Program Files\Java\jdk1.8.0_65\jre\bin\java.dll
0x0000000051040000 - 0x0000000051056000 	C:\Program Files\Java\jdk1.8.0_65\jre\bin\zip.dll
0x00007ff94cc50000 - 0x00007ff94e172000 	C:\Windows\system32\SHELL32.dll
0x00007ff94c2d0000 - 0x00007ff94c8f8000 	C:\Windows\system32\windows.storage.dll
0x00007ff94e3c0000 - 0x00007ff94e63c000 	C:\Windows\system32\combase.dll
0x00007ff94f130000 - 0x00007ff94f181000 	C:\Windows\system32\shlwapi.dll
0x00007ff94c040000 - 0x00007ff94c04f000 	C:\Windows\system32\kernel.appcore.dll
0x00007ff94c900000 - 0x00007ff94c9b3000 	C:\Windows\system32\shcore.dll
0x00007ff94bfb0000 - 0x00007ff94bffa000 	C:\Windows\system32\powrprof.dll
0x00007ff94c000000 - 0x00007ff94c013000 	C:\Windows\system32\profapi.dll

VM Arguments:
jvm_args: -Xmx1024M -Dfile.encoding=GBK -Duser.country=CN -Duser.language=zh -Duser.variant 
java_command: com.android.dx.command.Main --dex --num-threads=4 --output D:\sjs\android_projects\save\Save\app\build\intermediates\pre-dexed\debug\mpandroidchartlibrary-2-1-5_b9bdb2958eb63d5b33fa6019be0c448a75df57c7.jar D:\sjs\android_projects\save\Save\app\build\intermediates\transforms\CLASSES_and_RESOURCES\PROJECT_LOCAL_DEPS\extractJars\debug\mpandroidchartlibrary-2-1-5.jar-878323904
java_class_path (initial): D:\sjs\adt-bundle-windows-x86_64-20131030\sdk\build-tools\23.0.2\lib\dx.jar
Launcher Type: SUN_STANDARD

Environment Variables:
JAVA_HOME=C:\Program Files\Java\jdk1.8.0_65
CLASSPATH= .;C:\Program Files\Java\jdk1.8.0_65\lib;C:\Program Files\Java\jdk1.8.0_65\lib\tools.jar
PATH=C:\ProgramData\Oracle\Java\javapath;C:\Program Files (x86)\Intel\iCLS Client\;C:\Program Files\Intel\iCLS Client\;C:\Windows\system32;C:\Windows;C:\Windows\System32\Wbem;C:\Windows\System32\WindowsPowerShell\v1.0\;C:\Program Files\Java\jdk1.8.0_65\bin;C:\Program Files\Java\jdk1.8.0_65\jre\bin;D:\sjs备份文件\adt-bundle-windows-x86_64-20131030\sdk\platform-tools;D:\sjs备份文件\adt-bundle-windows-x86_64-20131030\sdk\tools;;C:\Program Files (x86)\NVIDIA Corporation\PhysX\Common;C:\Program Files (x86)\Windows Kits\8.1\Windows Performance Toolkit\;C:\Program Files\Microsoft SQL Server\110\Tools\Binn\;C:\Python27;C:\Program Files (x86)\QuickTime\QTSystem\;C:\Python27\Scripts;C:\Program Files\MySQL\bin;C:\Program Files (x86)\MySQL\MySQL Fabric 1.5 & MySQL Utilities 1.5\;C:\Program Files (x86)\MySQL\MySQL Fabric 1.5 & MySQL Utilities 1.5\Doctrine extensions for PHP\
USERNAME=xdsjs
OS=Windows_NT
PROCESSOR_IDENTIFIER=Intel64 Family 6 Model 58 Stepping 9, GenuineIntel



---------------  S Y S T E M  ---------------

OS: Windows 10.0 , 64 bit Build 10240 (10.0.10240.16384)

CPU:total 4 (2 cores per cpu, 2 threads per core) family 6 model 58 stepping 9, cmov, cx8, fxsr, mmx, sse, sse2, sse3, ssse3, sse4.1, sse4.2, popcnt, avx, aes, clmul, erms, ht, tsc, tscinvbit, tscinv

Memory: 4k page, physical 8202600k(1918576k free), swap 8202600k(5212k free)

vm_info: Java HotSpot(TM) 64-Bit Server VM (25.65-b01) for windows-amd64 JRE (1.8.0_65-b17), built on Oct  6 2015 16:39:20 by "java_re" with MS VC++ 10.0 (VS2010)

time: Fri Nov 27 14:58:44 2015
elapsed time: 14 seconds (0d 0h 0m 14s)

