#
# There is insufficient memory for the Java Runtime Environment to continue.
# Native memory allocation (malloc) failed to allocate 43056 bytes for Chunk::new
# Possible reasons:
#   The system is out of physical RAM or swap space
#   In 32 bit mode, the process size limit was hit
# Possible solutions:
#   Reduce memory load on the system
#   Increase physical memory or swap space
#   Check if swap backing store is full
#   Use 64 bit Java on a 64 bit OS
#   Decrease Java heap size (-Xmx/-Xms)
#   Decrease number of Java threads
#   Decrease Java thread stack sizes (-Xss)
#   Set larger code cache with -XX:ReservedCodeCacheSize=
# This output file may be truncated or incomplete.
#
#  Out of Memory Error (allocation.cpp:390), pid=7572, tid=4420
#
# JRE version: Java(TM) SE Runtime Environment (8.0_65-b17) (build 1.8.0_65-b17)
# Java VM: Java HotSpot(TM) 64-Bit Server VM (25.65-b01 mixed mode windows-amd64 compressed oops)
# Failed to write core dump. Minidumps are not enabled by default on client versions of Windows
#

---------------  T H R E A D  ---------------

Current thread (0x0000000006611000):  JavaThread "C2 CompilerThread0" daemon [_thread_in_native, id=4420, stack(0x00000000081a0000,0x00000000082a0000)]

Stack: [0x00000000081a0000,0x00000000082a0000]
[error occurred during error reporting (printing stack bounds), id 0xc0000005]

Native frames: (J=compiled Java code, j=interpreted, Vv=VM code, C=native code)


Current CompileTask:
C2:   1326  344       4       com.android.dx.rop.cst.CstString::utf8BytesToString (391 bytes)


---------------  P R O C E S S  ---------------

Java Threads: ( => current thread )
  0x0000000008455800 JavaThread "pool-1-thread-4" [_thread_blocked, id=5400, stack(0x0000000008ea0000,0x0000000008fa0000)]
  0x0000000008455000 JavaThread "pool-1-thread-3" [_thread_in_vm, id=368, stack(0x0000000008da0000,0x0000000008ea0000)]
  0x0000000008454000 JavaThread "pool-1-thread-2" [_thread_blocked, id=2644, stack(0x0000000008ca0000,0x0000000008da0000)]
  0x0000000008451800 JavaThread "pool-2-thread-1" [_thread_blocked, id=5008, stack(0x0000000008ba0000,0x0000000008ca0000)]
  0x000000000844f000 JavaThread "pool-1-thread-1" [_thread_in_Java, id=8132, stack(0x0000000008aa0000,0x0000000008ba0000)]
  0x0000000008303000 JavaThread "Service Thread" daemon [_thread_blocked, id=1876, stack(0x00000000088a0000,0x00000000089a0000)]
  0x00000000082fd800 JavaThread "C1 CompilerThread2" daemon [_thread_in_vm, id=5980, stack(0x00000000087a0000,0x00000000088a0000)]
  0x00000000082f2800 JavaThread "C2 CompilerThread1" daemon [_thread_blocked, id=5576, stack(0x00000000086a0000,0x00000000087a0000)]
=>0x0000000006611000 JavaThread "C2 CompilerThread0" daemon [_thread_in_native, id=4420, stack(0x00000000081a0000,0x00000000082a0000)]
  0x000000000660f000 JavaThread "Attach Listener" daemon [_thread_blocked, id=1048, stack(0x00000000080a0000,0x00000000081a0000)]
  0x000000000665e800 JavaThread "Signal Dispatcher" daemon [_thread_blocked, id=8024, stack(0x0000000007fa0000,0x00000000080a0000)]
  0x0000000002f20800 JavaThread "Finalizer" daemon [_thread_blocked, id=7080, stack(0x0000000007870000,0x0000000007970000)]
  0x0000000002f1d800 JavaThread "Reference Handler" daemon [_thread_blocked, id=2692, stack(0x0000000007770000,0x0000000007870000)]
  0x0000000002e32800 JavaThread "main" [_thread_blocked, id=7528, stack(0x0000000002d00000,0x0000000002e00000)]

Other Threads:
  0x00000000065c8800 VMThread [stack: 0x0000000007670000,0x0000000007770000] [id=6456]
  0x0000000008374000 WatcherThread [stack: 0x00000000089a0000,0x0000000008aa0000] [id=7984]

VM state:not at safepoint (normal execution)

VM Mutex/Monitor currently owned by a thread: None

Heap:
 PSYoungGen      total 37888K, used 11424K [0x00000000eab00000, 0x00000000ed500000, 0x0000000100000000)
  eden space 32768K, 34% used [0x00000000eab00000,0x00000000eb628178,0x00000000ecb00000)
  from space 5120K, 0% used [0x00000000ed000000,0x00000000ed000000,0x00000000ed500000)
  to   space 5120K, 0% used [0x00000000ecb00000,0x00000000ecb00000,0x00000000ed000000)
 ParOldGen       total 86016K, used 0K [0x00000000c0000000, 0x00000000c5400000, 0x00000000eab00000)
  object space 86016K, 0% used [0x00000000c0000000,0x00000000c0000000,0x00000000c5400000)
 Metaspace       used 5232K, capacity 6384K, committed 6528K, reserved 1056768K
  class space    used 575K, capacity 616K, committed 640K, reserved 1048576K

Card table byte_map: [0x00000000032f0000,0x0000000003500000] byte_map_base: 0x0000000002cf0000

Marking Bits: (ParMarkBitMap*) 0x000000006015a5b0
 Begin Bits: [0x0000000003a60000, 0x0000000004a60000)
 End Bits:   [0x0000000004a60000, 0x0000000005a60000)

Polling page: 0x00000000010c0000

CodeCache: size=245760Kb used=1874Kb max_used=1874Kb free=243885Kb
 bounds [0x000000000f010000, 0x000000000f280000, 0x000000001e010000]
 total_blobs=618 nmethods=355 adapters=176
 compilation: enabled

Compilation events (10 events):
Event: 1.321 Thread 0x00000000082f2800  354       4       java.lang.String::compareTo (78 bytes)
Event: 1.323 Thread 0x00000000082fd800 nmethod 351 0x000000000f1db710 code [0x000000000f1dbb80, 0x000000000f1de298]
Event: 1.323 Thread 0x00000000082fd800  350       3       java.util.TreeMap::getEntry (84 bytes)
Event: 1.324 Thread 0x00000000082fd800 nmethod 350 0x000000000f1e21d0 code [0x000000000f1e2380, 0x000000000f1e2a08]
Event: 1.324 Thread 0x00000000082fd800  347       1       com.android.dx.rop.cst.CstNat::getName (5 bytes)
Event: 1.324 Thread 0x00000000082f2800 nmethod 354 0x000000000f1e2c10 code [0x000000000f1e2d60, 0x000000000f1e2ef8]
Event: 1.324 Thread 0x00000000082fd800 nmethod 347 0x000000000f1e1f10 code [0x000000000f1e2060, 0x000000000f1e2170]
Event: 1.324 Thread 0x00000000082fd800  349       3       java.util.TreeMap::colorOf (13 bytes)
Event: 1.324 Thread 0x00000000082fd800 nmethod 349 0x000000000f1e1b90 code [0x000000000f1e1ce0, 0x000000000f1e1e70]
Event: 1.324 Thread 0x00000000082fd800  352       3       com.android.dx.rop.cst.CstType::compareTo0 (25 bytes)

GC Heap History (0 events):
No events

Deoptimization events (0 events):
No events

Internal exceptions (2 events):
Event: 0.617 Thread 0x0000000002e32800 Exception <a 'java/lang/NoSuchMethodError': Method sun.misc.Unsafe.defineClass(Ljava/lang/String;[BII)Ljava/lang/Class; name or signature does not match> (0x00000000eab13060) thrown at [C:\workspace\8-2-build-windows-amd64-cygwin\jdk8u65\4987\hotspot\src\sì*4ð»ã?
Event: 0.617 Thread 0x0000000002e32800 Exception <a 'java/lang/NoSuchMethodError': Method sun.misc.Unsafe.prefetchRead(Ljava/lang/Object;J)V name or signature does not match> (0x00000000eab13348) thrown at [C:\workspace\8-2-build-windows-amd64-cygwin\jdk8u65\4987\hotspot\src\share\vm\prims\jni.

Events (10 events):
Event: 1.313 loading class java/io/PrintWriter
Event: 1.313 loading class java/io/PrintWriter done
Event: 1.314 loading class com/android/dx/dex/file/DebugInfoItem
Event: 1.314 loading class com/android/dx/dex/file/DebugInfoItem done
Event: 1.314 loading class com/android/dx/rop/annotation/AnnotationsList
Event: 1.314 loading class com/android/dx/rop/annotation/AnnotationsList done
Event: 1.315 loading class com/android/dx/dex/file/MethodIdItem
Event: 1.315 loading class com/android/dx/dex/file/MethodIdItem done
Event: 1.315 loading class com/android/dx/cf/code/SwitchList
Event: 1.315 loading class com/android/dx/cf/code/SwitchList done


Dynamic libraries:
0x00007ff636580000 - 0x00007ff6365b7000 	C:\Program Files\Java\jdk1.8.0_65\bin\java.exe
0x00007ffc29e40000 - 0x00007ffc2a001000 	C:\Windows\SYSTEM32\ntdll.dll
0x00007ffc27670000 - 0x00007ffc2771d000 	C:\Windows\system32\KERNEL32.DLL
0x00007ffc27330000 - 0x00007ffc2750d000 	C:\Windows\system32\KERNELBASE.dll
0x00007ffc275c0000 - 0x00007ffc27666000 	C:\Windows\system32\ADVAPI32.dll
0x00007ffc296c0000 - 0x00007ffc2975d000 	C:\Windows\system32\msvcrt.dll
0x00007ffc29760000 - 0x00007ffc297bb000 	C:\Windows\system32\sechost.dll
0x00007ffc29540000 - 0x00007ffc29666000 	C:\Windows\system32\RPCRT4.dll
0x00007ffc291c0000 - 0x00007ffc2930e000 	C:\Windows\system32\USER32.dll
0x00007ffc28f70000 - 0x00007ffc290f6000 	C:\Windows\system32\GDI32.dll
0x00007ffc21530000 - 0x00007ffc217a4000 	C:\Windows\WinSxS\amd64_microsoft.windows.common-controls_6595b64144ccf1df_6.0.10240.16384_none_f41f7b285750ef43\COMCTL32.dll
0x00007ffc29680000 - 0x00007ffc296b6000 	C:\Windows\system32\IMM32.DLL
0x00007ffc29370000 - 0x00007ffc294cc000 	C:\Windows\system32\MSCTF.dll
0x00007ffc26760000 - 0x00007ffc26791000 	C:\Windows\system32\nvinitx.dll
0x00007ffc26750000 - 0x00007ffc2675a000 	C:\Windows\SYSTEM32\VERSION.dll
0x000000000f000000 - 0x000000000f006000 	C:\Program Files\NVIDIA Corporation\CoProcManager\_etoured.dll
0x00007ffc242f0000 - 0x00007ffc24322000 	C:\Program Files\NVIDIA Corporation\CoProcManager\nvd3d9wrapx.dll
0x00007ffc29c70000 - 0x00007ffc29e35000 	C:\Windows\system32\SETUPAPI.dll
0x00007ffc26a20000 - 0x00007ffc26a64000 	C:\Windows\system32\CFGMGR32.dll
0x00007ffc241c0000 - 0x00007ffc241e2000 	C:\Program Files\NVIDIA Corporation\CoProcManager\nvdxgiwrapx.dll
0x000000005f490000 - 0x000000005f562000 	C:\Program Files\Java\jdk1.8.0_65\jre\bin\msvcr100.dll
0x000000005f950000 - 0x00000000601d9000 	C:\Program Files\Java\jdk1.8.0_65\jre\bin\server\jvm.dll
0x00007ffc29ab0000 - 0x00007ffc29ab8000 	C:\Windows\system32\PSAPI.DLL
0x00007ffc1faf0000 - 0x00007ffc1faf9000 	C:\Windows\SYSTEM32\WSOCK32.dll
0x00007ffc294d0000 - 0x00007ffc29539000 	C:\Windows\system32\WS2_32.dll
0x00007ffc28ea0000 - 0x00007ffc28ea8000 	C:\Windows\system32\NSI.dll
0x00007ffc24e70000 - 0x00007ffc24e93000 	C:\Windows\SYSTEM32\WINMM.dll
0x00007ffc24c30000 - 0x00007ffc24c5c000 	C:\Windows\SYSTEM32\WINMMBASE.dll
0x00007ffc250f0000 - 0x00007ffc25117000 	C:\Windows\SYSTEM32\DEVOBJ.dll
0x000000005f940000 - 0x000000005f94f000 	C:\Program Files\Java\jdk1.8.0_65\jre\bin\verify.dll
0x000000005f910000 - 0x000000005f939000 	C:\Program Files\Java\jdk1.8.0_65\jre\bin\java.dll
0x000000005f8f0000 - 0x000000005f906000 	C:\Program Files\Java\jdk1.8.0_65\jre\bin\zip.dll
0x00007ffc27720000 - 0x00007ffc28c42000 	C:\Windows\system32\SHELL32.dll
0x0000000007970000 - 0x0000000007f98000 	C:\Windows\system32\windows.storage.dll
0x00007ffc29830000 - 0x00007ffc29aac000 	C:\Windows\system32\combase.dll
0x00007ffc28f10000 - 0x00007ffc28f61000 	C:\Windows\system32\shlwapi.dll
0x00007ffc26890000 - 0x00007ffc2689f000 	C:\Windows\system32\kernel.appcore.dll
0x00007ffc26c40000 - 0x00007ffc26cf3000 	C:\Windows\system32\shcore.dll
0x00007ffc268c0000 - 0x00007ffc2690a000 	C:\Windows\system32\powrprof.dll
0x00007ffc268a0000 - 0x00007ffc268b3000 	C:\Windows\system32\profapi.dll

VM Arguments:
jvm_args: -Xmx1024M -Dfile.encoding=GBK -Duser.country=CN -Duser.language=zh -Duser.variant 
java_command: com.android.dx.command.Main --dex --num-threads=4 --output D:\sjs\android_projects\save\Save\app\build\intermediates\pre-dexed\debug\debug_feb495035734128b29f601b99c8e1be858041568.jar D:\sjs\android_projects\save\Save\app\build\intermediates\classes\debug
java_class_path (initial): D:\sjs\adt-bundle-windows-x86_64-20131030\sdk\build-tools\23.0.2\lib\dx.jar
Launcher Type: SUN_STANDARD

Environment Variables:
JAVA_HOME=C:\Program Files\Java\jdk1.8.0_65
CLASSPATH= .;C:\Program Files\Java\jdk1.8.0_65\lib;C:\Program Files\Java\jdk1.8.0_65\lib\tools.jar
PATH=C:\ProgramData\Oracle\Java\javapath;C:\Program Files (x86)\Intel\iCLS Client\;C:\Program Files\Intel\iCLS Client\;C:\Windows\system32;C:\Windows;C:\Windows\System32\Wbem;C:\Windows\System32\WindowsPowerShell\v1.0\;C:\Program Files\Java\jdk1.8.0_65\bin;C:\Program Files\Java\jdk1.8.0_65\jre\bin;D:\sjs±¸·ÝÎÄ¼þ\adt-bundle-windows-x86_64-20131030\sdk\platform-tools;D:\sjs±¸·ÝÎÄ¼þ\adt-bundle-windows-x86_64-20131030\sdk\tools;;C:\Program Files (x86)\NVIDIA Corporation\PhysX\Common;C:\Program Files (x86)\Windows Kits\8.1\Windows Performance Toolkit\;C:\Program Files\Microsoft SQL Server\110\Tools\Binn\;C:\Python27;C:\Program Files (x86)\QuickTime\QTSystem\;C:\Python27\Scripts;C:\Program Files\MySQL\bin;C:\Program Files (x86)\MySQL\MySQL Fabric 1.5 & MySQL Utilities 1.5\;C:\Program Files (x86)\MySQL\MySQL Fabric 1.5 & MySQL Utilities 1.5\Doctrine extensions for PHP\
USERNAME=xdsjs
OS=Windows_NT
PROCESSOR_IDENTIFIER=Intel64 Family 6 Model 58 Stepping 9, GenuineIntel



---------------  S Y S T E M  ---------------

OS: Windows 10.0 , 64 bit Build 10240 (10.0.10240.16384)

CPU:total 4 (2 cores per cpu, 2 threads per core) family 6 model 58 stepping 9, cmov, cx8, fxsr, mmx, sse, sse2, sse3, ssse3, sse4.1, sse4.2, popcnt, avx, aes, clmul, erms, ht, tsc, tscinvbit, tscinv

Memory: 4k page, physical 8202600k(4022080k free), swap 8202600k(4108k free)

vm_info: Java HotSpot(TM) 64-Bit Server VM (25.65-b01) for windows-amd64 JRE (1.8.0_65-b17), built on Oct  6 2015 16:39:20 by "java_re" with MS VC++ 10.0 (VS2010)

time: Wed Nov 25 22:38:33 2015
elapsed time: 1 seconds (0d 0h 0m 1s)

