#
# There is insufficient memory for the Java Runtime Environment to continue.
# Native memory allocation (malloc) failed to allocate 860816 bytes for Chunk::new
# Possible reasons:
#   The system is out of physical RAM or swap space
#   In 32 bit mode, the process size limit was hit
# Possible solutions:
#   Reduce memory load on the system
#   Increase physical memory or swap space
#   Check if swap backing store is full
#   Use 64 bit Java on a 64 bit OS
#   Decrease Java heap size (-Xmx/-Xms)
#   Decrease number of Java threads
#   Decrease Java thread stack sizes (-Xss)
#   Set larger code cache with -XX:ReservedCodeCacheSize=
# This output file may be truncated or incomplete.
#
#  Out of Memory Error (allocation.cpp:390), pid=1492, tid=4740
#
# JRE version: Java(TM) SE Runtime Environment (8.0_65-b17) (build 1.8.0_65-b17)
# Java VM: Java HotSpot(TM) 64-Bit Server VM (25.65-b01 mixed mode windows-amd64 compressed oops)
# Failed to write core dump. Minidumps are not enabled by default on client versions of Windows
#

---------------  T H R E A D  ---------------

Current thread (0x0000000008097800):  JavaThread "C2 CompilerThread1" daemon [_thread_in_native, id=4740, stack(0x0000000008440000,0x0000000008540000)]

Stack: [0x0000000008440000,0x0000000008540000]
[error occurred during error reporting (printing stack bounds), id 0xc0000005]

Native frames: (J=compiled Java code, j=interpreted, Vv=VM code, C=native code)


Current CompileTask:
C2:  29140 2418   !   4       com.android.dx.cf.code.Ropper::processBlock (1101 bytes)


---------------  P R O C E S S  ---------------

Java Threads: ( => current thread )
  0x00000000081ac800 JavaThread "pool-1-thread-4" [_thread_blocked, id=4516, stack(0x0000000008c40000,0x0000000008d40000)]
  0x00000000081ab000 JavaThread "pool-1-thread-3" [_thread_blocked, id=4796, stack(0x0000000008b40000,0x0000000008c40000)]
  0x00000000081aa000 JavaThread "pool-1-thread-2" [_thread_blocked, id=2468, stack(0x0000000008a40000,0x0000000008b40000)]
  0x00000000081a7000 JavaThread "pool-2-thread-1" [_thread_blocked, id=6292, stack(0x0000000008940000,0x0000000008a40000)]
  0x000000000819b000 JavaThread "pool-1-thread-1" [_thread_blocked, id=8488, stack(0x0000000008840000,0x0000000008940000)]
  0x00000000080a3000 JavaThread "Service Thread" daemon [_thread_blocked, id=6152, stack(0x0000000008640000,0x0000000008740000)]
  0x000000000809d800 JavaThread "C1 CompilerThread2" daemon [_thread_blocked, id=3344, stack(0x0000000008540000,0x0000000008640000)]
=>0x0000000008097800 JavaThread "C2 CompilerThread1" daemon [_thread_in_native, id=4740, stack(0x0000000008440000,0x0000000008540000)]
  0x00000000069f1800 JavaThread "C2 CompilerThread0" daemon [_thread_blocked, id=5904, stack(0x0000000007f40000,0x0000000008040000)]
  0x00000000069ef000 JavaThread "Attach Listener" daemon [_thread_blocked, id=7500, stack(0x0000000007e40000,0x0000000007f40000)]
  0x0000000006a3e800 JavaThread "Signal Dispatcher" daemon [_thread_blocked, id=576, stack(0x0000000007d40000,0x0000000007e40000)]
  0x0000000003306800 JavaThread "Finalizer" daemon [_thread_blocked, id=5424, stack(0x0000000007c40000,0x0000000007d40000)]
  0x00000000032fd800 JavaThread "Reference Handler" daemon [_thread_blocked, id=1580, stack(0x0000000007b40000,0x0000000007c40000)]
  0x000000000320d800 JavaThread "main" [_thread_in_native, id=980, stack(0x00000000030c0000,0x00000000031c0000)]

Other Threads:
  0x00000000069a8800 VMThread [stack: 0x0000000007a40000,0x0000000007b40000] [id=224]
  0x00000000080f6800 WatcherThread [stack: 0x0000000008740000,0x0000000008840000] [id=3860]

VM state:not at safepoint (normal execution)

VM Mutex/Monitor currently owned by a thread: None

Heap:
 PSYoungGen      total 146944K, used 100049K [0x00000000eab00000, 0x00000000fdf00000, 0x0000000100000000)
  eden space 129536K, 63% used [0x00000000eab00000,0x00000000efbb6188,0x00000000f2980000)
  from space 17408K, 99% used [0x00000000f2980000,0x00000000f3a7e670,0x00000000f3a80000)
  to   space 28160K, 0% used [0x00000000fc380000,0x00000000fc380000,0x00000000fdf00000)
 ParOldGen       total 86016K, used 41373K [0x00000000c0000000, 0x00000000c5400000, 0x00000000eab00000)
  object space 86016K, 48% used [0x00000000c0000000,0x00000000c28677d0,0x00000000c5400000)
 Metaspace       used 6388K, capacity 7224K, committed 7296K, reserved 1056768K
  class space    used 612K, capacity 624K, committed 640K, reserved 1048576K

Card table byte_map: [0x00000000036d0000,0x00000000038e0000] byte_map_base: 0x00000000030d0000

Marking Bits: (ParMarkBitMap*) 0x00000000518aa5b0
 Begin Bits: [0x0000000003e40000, 0x0000000004e40000)
 End Bits:   [0x0000000004e40000, 0x0000000005e40000)

Polling page: 0x0000000002c80000

CodeCache: size=245760Kb used=8534Kb max_used=10089Kb free=237225Kb
 bounds [0x000000000f010000, 0x000000000fa30000, 0x000000001e010000]
 total_blobs=2112 nmethods=1847 adapters=177
 compilation: enabled

Compilation events (10 events):
Event: 28.919 Thread 0x00000000069f1800 2443       4       com.android.dx.rop.cst.CstString::equals (24 bytes)
Event: 28.921 Thread 0x00000000069f1800 nmethod 2443 0x000000000f2a8950 code [0x000000000f2a8aa0, 0x000000000f2a8c18]
Event: 28.981 Thread 0x00000000069f1800 2446       4       com.android.dx.cf.code.BytecodeArray::<init> (43 bytes)
Event: 28.982 Thread 0x00000000069f1800 nmethod 2446 0x000000000f2241d0 code [0x000000000f224300, 0x000000000f2243b8]
Event: 28.982 Thread 0x00000000069f1800 2447   !   4       com.android.dx.cf.attrib.AttCode::<init> (144 bytes)
Event: 28.984 Thread 0x00000000069f1800 nmethod 2447 0x000000000f3e5810 code [0x000000000f3e5960, 0x000000000f3e5b78]
Event: 28.984 Thread 0x00000000069f1800 2448       4       com.android.dx.rop.type.StdTypeList::getWordCount (33 bytes)
Event: 28.988 Thread 0x00000000069f1800 nmethod 2448 0x000000000f1f0190 code [0x000000000f1f02e0, 0x000000000f1f0518]
Event: 29.026 Thread 0x000000000809d800 2449       3       java.util.concurrent.locks.ReentrantLock$Sync::tryRelease (45 bytes)
Event: 29.027 Thread 0x000000000809d800 nmethod 2449 0x000000000f232ad0 code [0x000000000f232c60, 0x000000000f233208]

GC Heap History (10 events):
Event: 3.232 GC heap before
{Heap before GC invocations=3 (full 0):
 PSYoungGen      total 37888K, used 37878K [0x00000000eab00000, 0x00000000ef500000, 0x0000000100000000)
  eden space 32768K, 100% used [0x00000000eab00000,0x00000000ecb00000,0x00000000ecb00000)
  from space 5120K, 99% used [0x00000000ed000000,0x00000000ed4fd8d8,0x00000000ed500000)
  to   space 5120K, 0% used [0x00000000ecb00000,0x00000000ecb00000,0x00000000ed000000)
 ParOldGen       total 86016K, used 5758K [0x00000000c0000000, 0x00000000c5400000, 0x00000000eab00000)
  object space 86016K, 6% used [0x00000000c0000000,0x00000000c059fb40,0x00000000c5400000)
 Metaspace       used 6102K, capacity 7088K, committed 7296K, reserved 1056768K
  class space    used 591K, capacity 616K, committed 640K, reserved 1048576K
Event: 3.252 GC heap after
Heap after GC invocations=3 (full 0):
 PSYoungGen      total 37888K, used 5107K [0x00000000eab00000, 0x00000000ef500000, 0x0000000100000000)
  eden space 32768K, 0% used [0x00000000eab00000,0x00000000eab00000,0x00000000ecb00000)
  from space 5120K, 99% used [0x00000000ecb00000,0x00000000ecffcf90,0x00000000ed000000)
  to   space 5120K, 0% used [0x00000000ef000000,0x00000000ef000000,0x00000000ef500000)
 ParOldGen       total 86016K, used 10191K [0x00000000c0000000, 0x00000000c5400000, 0x00000000eab00000)
  object space 86016K, 11% used [0x00000000c0000000,0x00000000c09f3f00,0x00000000c5400000)
 Metaspace       used 6102K, capacity 7088K, committed 7296K, reserved 1056768K
  class space    used 591K, capacity 616K, committed 640K, reserved 1048576K
}
Event: 3.614 GC heap before
{Heap before GC invocations=4 (full 0):
 PSYoungGen      total 37888K, used 37875K [0x00000000eab00000, 0x00000000ef500000, 0x0000000100000000)
  eden space 32768K, 100% used [0x00000000eab00000,0x00000000ecb00000,0x00000000ecb00000)
  from space 5120K, 99% used [0x00000000ecb00000,0x00000000ecffcf90,0x00000000ed000000)
  to   space 5120K, 0% used [0x00000000ef000000,0x00000000ef000000,0x00000000ef500000)
 ParOldGen       total 86016K, used 10191K [0x00000000c0000000, 0x00000000c5400000, 0x00000000eab00000)
  object space 86016K, 11% used [0x00000000c0000000,0x00000000c09f3f00,0x00000000c5400000)
 Metaspace       used 6139K, capacity 7088K, committed 7296K, reserved 1056768K
  class space    used 591K, capacity 616K, committed 640K, reserved 1048576K
Event: 3.633 GC heap after
Heap after GC invocations=4 (full 0):
 PSYoungGen      total 70656K, used 5107K [0x00000000eab00000, 0x00000000ef500000, 0x0000000100000000)
  eden space 65536K, 0% used [0x00000000eab00000,0x00000000eab00000,0x00000000eeb00000)
  from space 5120K, 99% used [0x00000000ef000000,0x00000000ef4fcf90,0x00000000ef500000)
  to   space 5120K, 0% used [0x00000000eeb00000,0x00000000eeb00000,0x00000000ef000000)
 ParOldGen       total 86016K, used 15390K [0x00000000c0000000, 0x00000000c5400000, 0x00000000eab00000)
  object space 86016K, 17% used [0x00000000c0000000,0x00000000c0f079f8,0x00000000c5400000)
 Metaspace       used 6139K, capacity 7088K, committed 7296K, reserved 1056768K
  class space    used 591K, capacity 616K, committed 640K, reserved 1048576K
}
Event: 4.161 GC heap before
{Heap before GC invocations=5 (full 0):
 PSYoungGen      total 70656K, used 70643K [0x00000000eab00000, 0x00000000ef500000, 0x0000000100000000)
  eden space 65536K, 100% used [0x00000000eab00000,0x00000000eeb00000,0x00000000eeb00000)
  from space 5120K, 99% used [0x00000000ef000000,0x00000000ef4fcf90,0x00000000ef500000)
  to   space 5120K, 0% used [0x00000000eeb00000,0x00000000eeb00000,0x00000000ef000000)
 ParOldGen       total 86016K, used 15390K [0x00000000c0000000, 0x00000000c5400000, 0x00000000eab00000)
  object space 86016K, 17% used [0x00000000c0000000,0x00000000c0f079f8,0x00000000c5400000)
 Metaspace       used 6242K, capacity 7216K, committed 7296K, reserved 1056768K
  class space    used 591K, capacity 616K, committed 640K, reserved 1048576K
Event: 4.186 GC heap after
Heap after GC invocations=5 (full 0):
 PSYoungGen      total 70656K, used 5091K [0x00000000eab00000, 0x00000000f4a00000, 0x0000000100000000)
  eden space 65536K, 0% used [0x00000000eab00000,0x00000000eab00000,0x00000000eeb00000)
  from space 5120K, 99% used [0x00000000eeb00000,0x00000000eeff8f90,0x00000000ef000000)
  to   space 15872K, 0% used [0x00000000f3a80000,0x00000000f3a80000,0x00000000f4a00000)
 ParOldGen       total 86016K, used 25388K [0x00000000c0000000, 0x00000000c5400000, 0x00000000eab00000)
  object space 86016K, 29% used [0x00000000c0000000,0x00000000c18cb138,0x00000000c5400000)
 Metaspace       used 6242K, capacity 7216K, committed 7296K, reserved 1056768K
  class space    used 591K, capacity 616K, committed 640K, reserved 1048576K
}
Event: 4.529 GC heap before
{Heap before GC invocations=6 (full 0):
 PSYoungGen      total 70656K, used 70627K [0x00000000eab00000, 0x00000000f4a00000, 0x0000000100000000)
  eden space 65536K, 100% used [0x00000000eab00000,0x00000000eeb00000,0x00000000eeb00000)
  from space 5120K, 99% used [0x00000000eeb00000,0x00000000eeff8f90,0x00000000ef000000)
  to   space 15872K, 0% used [0x00000000f3a80000,0x00000000f3a80000,0x00000000f4a00000)
 ParOldGen       total 86016K, used 25388K [0x00000000c0000000, 0x00000000c5400000, 0x00000000eab00000)
  object space 86016K, 29% used [0x00000000c0000000,0x00000000c18cb138,0x00000000c5400000)
 Metaspace       used 6267K, capacity 7216K, committed 7296K, reserved 1056768K
  class space    used 591K, capacity 616K, committed 640K, reserved 1048576K
Event: 4.597 GC heap after
Heap after GC invocations=6 (full 0):
 PSYoungGen      total 145408K, used 15177K [0x00000000eab00000, 0x00000000f4d00000, 0x0000000100000000)
  eden space 129536K, 0% used [0x00000000eab00000,0x00000000eab00000,0x00000000f2980000)
  from space 15872K, 95% used [0x00000000f3a80000,0x00000000f49527d0,0x00000000f4a00000)
  to   space 17408K, 0% used [0x00000000f2980000,0x00000000f2980000,0x00000000f3a80000)
 ParOldGen       total 86016K, used 25388K [0x00000000c0000000, 0x00000000c5400000, 0x00000000eab00000)
  object space 86016K, 29% used [0x00000000c0000000,0x00000000c18cb138,0x00000000c5400000)
 Metaspace       used 6267K, capacity 7216K, committed 7296K, reserved 1056768K
  class space    used 591K, capacity 616K, committed 640K, reserved 1048576K
}
Event: 26.589 GC heap before
{Heap before GC invocations=7 (full 0):
 PSYoungGen      total 145408K, used 144713K [0x00000000eab00000, 0x00000000f4d00000, 0x0000000100000000)
  eden space 129536K, 100% used [0x00000000eab00000,0x00000000f2980000,0x00000000f2980000)
  from space 15872K, 95% used [0x00000000f3a80000,0x00000000f49527d0,0x00000000f4a00000)
  to   space 17408K, 0% used [0x00000000f2980000,0x00000000f2980000,0x00000000f3a80000)
 ParOldGen       total 86016K, used 25388K [0x00000000c0000000, 0x00000000c5400000, 0x00000000eab00000)
  object space 86016K, 29% used [0x00000000c0000000,0x00000000c18cb138,0x00000000c5400000)
 Metaspace       used 6375K, capacity 7224K, committed 7296K, reserved 1056768K
  class space    used 612K, capacity 624K, committed 640K, reserved 1048576K
Event: 26.728 GC heap after
Heap after GC invocations=7 (full 0):
 PSYoungGen      total 146944K, used 17401K [0x00000000eab00000, 0x00000000fdf00000, 0x0000000100000000)
  eden space 129536K, 0% used [0x00000000eab00000,0x00000000eab00000,0x00000000f2980000)
  from space 17408K, 99% used [0x00000000f2980000,0x00000000f3a7e670,0x00000000f3a80000)
  to   space 28160K, 0% used [0x00000000fc380000,0x00000000fc380000,0x00000000fdf00000)
 ParOldGen       total 86016K, used 41373K [0x00000000c0000000, 0x00000000c5400000, 0x00000000eab00000)
  object space 86016K, 48% used [0x00000000c0000000,0x00000000c28677d0,0x00000000c5400000)
 Metaspace       used 6375K, capacity 7224K, committed 7296K, reserved 1056768K
  class space    used 612K, capacity 624K, committed 640K, reserved 1048576K
}

Deoptimization events (10 events):
Event: 26.428 Thread 0x00000000081ac800 Uncommon trap: reason=bimorphic action=maybe_recompile pc=0x000000000f2c780c method=com.android.dx.cf.code.BytecodeArray.parseInstruction(ILcom/android/dx/cf/code/BytecodeArray$Visitor;)I @ 1035
Event: 26.428 Thread 0x00000000081ac800 Uncommon trap: reason=bimorphic action=maybe_recompile pc=0x000000000f2c7710 method=com.android.dx.cf.code.BytecodeArray.parseInstruction(ILcom/android/dx/cf/code/BytecodeArray$Visitor;)I @ 987
Event: 26.428 Thread 0x00000000081ac800 Uncommon trap: reason=bimorphic action=maybe_recompile pc=0x000000000f2c7a1c method=com.android.dx.cf.code.BytecodeArray.parseInstruction(ILcom/android/dx/cf/code/BytecodeArray$Visitor;)I @ 1130
Event: 26.428 Thread 0x00000000081ac800 Uncommon trap: reason=bimorphic action=maybe_recompile pc=0x000000000f2c7a1c method=com.android.dx.cf.code.BytecodeArray.parseInstruction(ILcom/android/dx/cf/code/BytecodeArray$Visitor;)I @ 1130
Event: 27.171 Thread 0x000000000320d800 Uncommon trap: reason=unstable_if action=reinterpret pc=0x000000000f956324 method=com.android.dx.cf.direct.StdAttributeFactory.parse0(Lcom/android/dx/cf/direct/DirectClassFile;ILjava/lang/String;IILcom/android/dx/cf/iface/ParseObserver;)Lcom/android/dx/cf/7yçƒÊs;@
Event: 27.453 Thread 0x00000000081ab000 Uncommon trap: reason=unstable_if action=reinterpret pc=0x000000000f951e6c method=com.android.dx.ssa.SCCP.simulateStmt(Lcom/android/dx/ssa/SsaInsn;)V @ 59
Event: 28.351 Thread 0x00000000081ab000 Uncommon trap: reason=null_check action=make_not_entrant pc=0x000000000f287368 method=com.android.dx.cf.code.Ropper$CatchInfo.getSetup(Lcom/android/dx/rop/type/Type;)Lcom/android/dx/cf/code/Ropper$ExceptionHandlerSetup; @ 10
Event: 28.484 Thread 0x00000000081aa000 Uncommon trap: reason=unstable_if action=reinterpret pc=0x000000000f8fcbfc method=java.util.HashMap.getNode(ILjava/lang/Object;)Ljava/util/HashMap$Node; @ 84
Event: 28.900 Thread 0x00000000081ab000 Uncommon trap: reason=class_check action=maybe_recompile pc=0x000000000f9885f8 method=com.android.dx.ssa.ConstCollector.getConstsSortedByCountUse()Ljava/util/ArrayList; @ 331
Event: 28.901 Thread 0x00000000081ab000 Uncommon trap: reason=unstable_if action=reinterpret pc=0x000000000f620584 method=java.util.HashMap.getNode(ILjava/lang/Object;)Ljava/util/HashMap$Node; @ 84

Internal exceptions (8 events):
Event: 0.335 Thread 0x000000000320d800 Exception <a 'java/lang/NoSuchMethodError': Method sun.misc.Unsafe.defineClass(Ljava/lang/String;[BII)Ljava/lang/Class; name or signature does not match> (0x00000000eab12d38) thrown at [C:\workspace\8-2-build-windows-amd64-cygwin\jdk8u65\4987\hotspot\src\sÅ&4¥y’?
Event: 0.336 Thread 0x000000000320d800 Exception <a 'java/lang/NoSuchMethodError': Method sun.misc.Unsafe.prefetchRead(Ljava/lang/Object;J)V name or signature does not match> (0x00000000eab13020) thrown at [C:\workspace\8-2-build-windows-amd64-cygwin\jdk8u65\4987\hotspot\src\share\vm\prims\jni.ı‰"Â@
Event: 2.612 Thread 0x00000000081ac800 Implicit null exception at 0x000000000f3714b7 to 0x000000000f372c25
Event: 4.223 Thread 0x00000000081ab000 Implicit null exception at 0x000000000f65dc3d to 0x000000000f65f39d
Event: 8.577 Thread 0x00000000081aa000 Exception <a 'java/lang/ArrayIndexOutOfBoundsException': 18> (0x00000000ecfbbd88) thrown at [C:\workspace\8-2-build-windows-amd64-cygwin\jdk8u65\4987\hotspot\src\share\vm\interpreter\interpreterRuntime.cpp, line 366]
Event: 8.578 Thread 0x00000000081aa000 Exception <a 'java/lang/ArrayIndexOutOfBoundsException'> (0x00000000ecfbd908) thrown at [C:\workspace\8-2-build-windows-amd64-cygwin\jdk8u65\4987\hotspot\src\share\vm\runtime\sharedRuntime.cpp, line 605]
Event: 8.579 Thread 0x00000000081aa000 Exception <a 'java/lang/ArrayIndexOutOfBoundsException'> (0x00000000ecfbebf0) thrown at [C:\workspace\8-2-build-windows-amd64-cygwin\jdk8u65\4987\hotspot\src\share\vm\runtime\sharedRuntime.cpp, line 605]
Event: 28.351 Thread 0x00000000081ab000 Implicit null exception at 0x000000000f27fa44 to 0x000000000f287329

Events (10 events):
Event: 28.351 Thread 0x00000000081ab000 DEOPT UNPACKING pc=0x000000000f05582a sp=0x0000000008c3e6a8 mode 2
Event: 28.484 Thread 0x00000000081aa000 Uncommon trap: trap_request=0xffffff65 fr.pc=0x000000000f8fcbfc
Event: 28.484 Thread 0x00000000081aa000 DEOPT PACKING pc=0x000000000f8fcbfc sp=0x0000000008b3e820
Event: 28.484 Thread 0x00000000081aa000 DEOPT UNPACKING pc=0x000000000f05582a sp=0x0000000008b3e5b0 mode 2
Event: 28.900 Thread 0x00000000081ab000 Uncommon trap: trap_request=0xffffffde fr.pc=0x000000000f9885f8
Event: 28.900 Thread 0x00000000081ab000 DEOPT PACKING pc=0x000000000f9885f8 sp=0x0000000008c3e6b0
Event: 28.900 Thread 0x00000000081ab000 DEOPT UNPACKING pc=0x000000000f05582a sp=0x0000000008c3e680 mode 2
Event: 28.901 Thread 0x00000000081ab000 Uncommon trap: trap_request=0xffffff65 fr.pc=0x000000000f620584
Event: 28.901 Thread 0x00000000081ab000 DEOPT PACKING pc=0x000000000f620584 sp=0x0000000008c3e2c0
Event: 28.901 Thread 0x00000000081ab000 DEOPT UNPACKING pc=0x000000000f05582a sp=0x0000000008c3e1d0 mode 2


Dynamic libraries:
0x00007ff7a4e80000 - 0x00007ff7a4eb7000 	C:\Program Files\Java\jdk1.8.0_65\bin\java.exe
0x00007ff94f580000 - 0x00007ff94f741000 	C:\Windows\SYSTEM32\ntdll.dll
0x00007ff94f080000 - 0x00007ff94f12d000 	C:\Windows\system32\KERNEL32.DLL
0x00007ff94ca70000 - 0x00007ff94cc4d000 	C:\Windows\system32\KERNELBASE.dll
0x00007ff94e180000 - 0x00007ff94e226000 	C:\Windows\system32\ADVAPI32.dll
0x00007ff94f4d0000 - 0x00007ff94f56d000 	C:\Windows\system32\msvcrt.dll
0x00007ff94e270000 - 0x00007ff94e2cb000 	C:\Windows\system32\sechost.dll
0x00007ff94e950000 - 0x00007ff94ea76000 	C:\Windows\system32\RPCRT4.dll
0x00007ff94ea80000 - 0x00007ff94ebce000 	C:\Windows\system32\USER32.dll
0x00007ff94eef0000 - 0x00007ff94f076000 	C:\Windows\system32\GDI32.dll
0x00007ff9468a0000 - 0x00007ff946b14000 	C:\Windows\WinSxS\amd64_microsoft.windows.common-controls_6595b64144ccf1df_6.0.10240.16384_none_f41f7b285750ef43\COMCTL32.dll
0x00007ff94e230000 - 0x00007ff94e266000 	C:\Windows\system32\IMM32.DLL
0x00007ff94e640000 - 0x00007ff94e79c000 	C:\Windows\system32\MSCTF.dll
0x00007ff94bea0000 - 0x00007ff94bed1000 	C:\Windows\system32\nvinitx.dll
0x00007ff94be90000 - 0x00007ff94be9a000 	C:\Windows\SYSTEM32\VERSION.dll
0x000000000f000000 - 0x000000000f006000 	C:\Program Files\NVIDIA Corporation\CoProcManager\_etoured.dll
0x00007ff949d90000 - 0x00007ff949dc2000 	C:\Program Files\NVIDIA Corporation\CoProcManager\nvd3d9wrapx.dll
0x00007ff94ebe0000 - 0x00007ff94eda5000 	C:\Windows\system32\SETUPAPI.dll
0x00007ff94c9c0000 - 0x00007ff94ca04000 	C:\Windows\system32\CFGMGR32.dll
0x00007ff949c10000 - 0x00007ff949c32000 	C:\Program Files\NVIDIA Corporation\CoProcManager\nvdxgiwrapx.dll
0x0000000050be0000 - 0x0000000050cb2000 	C:\Program Files\Java\jdk1.8.0_65\jre\bin\msvcr100.dll
0x00000000510a0000 - 0x0000000051929000 	C:\Program Files\Java\jdk1.8.0_65\jre\bin\server\jvm.dll
0x00007ff94ebd0000 - 0x00007ff94ebd8000 	C:\Windows\system32\PSAPI.DLL
0x00007ff945790000 - 0x00007ff945799000 	C:\Windows\SYSTEM32\WSOCK32.dll
0x00007ff94f460000 - 0x00007ff94f4c9000 	C:\Windows\system32\WS2_32.dll
0x00007ff94f300000 - 0x00007ff94f308000 	C:\Windows\system32\NSI.dll
0x00007ff94a4d0000 - 0x00007ff94a4f3000 	C:\Windows\SYSTEM32\WINMM.dll
0x00007ff94a290000 - 0x00007ff94a2bc000 	C:\Windows\SYSTEM32\WINMMBASE.dll
0x00007ff94a830000 - 0x00007ff94a857000 	C:\Windows\SYSTEM32\DEVOBJ.dll
0x0000000051090000 - 0x000000005109f000 	C:\Program Files\Java\jdk1.8.0_65\jre\bin\verify.dll
0x0000000051060000 - 0x0000000051089000 	C:\Program Files\Java\jdk1.8.0_65\jre\bin\java.dll
0x0000000051040000 - 0x0000000051056000 	C:\Program Files\Java\jdk1.8.0_65\jre\bin\zip.dll
0x00007ff94cc50000 - 0x00007ff94e172000 	C:\Windows\system32\SHELL32.dll
0x00007ff94c2d0000 - 0x00007ff94c8f8000 	C:\Windows\system32\windows.storage.dll
0x00007ff94e3c0000 - 0x00007ff94e63c000 	C:\Windows\system32\combase.dll
0x00007ff94f130000 - 0x00007ff94f181000 	C:\Windows\system32\shlwapi.dll
0x00007ff94c040000 - 0x00007ff94c04f000 	C:\Windows\system32\kernel.appcore.dll
0x00007ff94c900000 - 0x00007ff94c9b3000 	C:\Windows\system32\shcore.dll
0x00007ff94bfb0000 - 0x00007ff94bffa000 	C:\Windows\system32\powrprof.dll
0x00007ff94c000000 - 0x00007ff94c013000 	C:\Windows\system32\profapi.dll

VM Arguments:
jvm_args: -Xmx1024M -Dfile.encoding=GBK -Duser.country=CN -Duser.language=zh -Duser.variant 
java_command: com.android.dx.command.Main --dex --num-threads=4 --output D:\sjs\android_projects\save\Save\app\build\intermediates\pre-dexed\debug\classes_a9a9196f2a798fb9a1a34abff30eeba09f7b92ca.jar D:\sjs\android_projects\save\Save\app\build\intermediates\transforms\CLASSES_and_RESOURCES\EXTERNAL_LIBRARIES\extractJars\debug\classes.jar--1240853798
java_class_path (initial): D:\sjs\adt-bundle-windows-x86_64-20131030\sdk\build-tools\23.0.2\lib\dx.jar
Launcher Type: SUN_STANDARD

Environment Variables:
JAVA_HOME=C:\Program Files\Java\jdk1.8.0_65
CLASSPATH= .;C:\Program Files\Java\jdk1.8.0_65\lib;C:\Program Files\Java\jdk1.8.0_65\lib\tools.jar
PATH=C:\ProgramData\Oracle\Java\javapath;C:\Program Files (x86)\Intel\iCLS Client\;C:\Program Files\Intel\iCLS Client\;C:\Windows\system32;C:\Windows;C:\Windows\System32\Wbem;C:\Windows\System32\WindowsPowerShell\v1.0\;C:\Program Files\Java\jdk1.8.0_65\bin;C:\Program Files\Java\jdk1.8.0_65\jre\bin;D:\sjs±∏∑›Œƒº˛\adt-bundle-windows-x86_64-20131030\sdk\platform-tools;D:\sjs±∏∑›Œƒº˛\adt-bundle-windows-x86_64-20131030\sdk\tools;;C:\Program Files (x86)\NVIDIA Corporation\PhysX\Common;C:\Program Files (x86)\Windows Kits\8.1\Windows Performance Toolkit\;C:\Program Files\Microsoft SQL Server\110\Tools\Binn\;C:\Python27;C:\Program Files (x86)\QuickTime\QTSystem\;C:\Python27\Scripts;C:\Program Files\MySQL\bin;C:\Program Files (x86)\MySQL\MySQL Fabric 1.5 & MySQL Utilities 1.5\;C:\Program Files (x86)\MySQL\MySQL Fabric 1.5 & MySQL Utilities 1.5\Doctrine extensions for PHP\
USERNAME=xdsjs
OS=Windows_NT
PROCESSOR_IDENTIFIER=Intel64 Family 6 Model 58 Stepping 9, GenuineIntel



---------------  S Y S T E M  ---------------

OS: Windows 10.0 , 64 bit Build 10240 (10.0.10240.16384)

CPU:total 4 (2 cores per cpu, 2 threads per core) family 6 model 58 stepping 9, cmov, cx8, fxsr, mmx, sse, sse2, sse3, ssse3, sse4.1, sse4.2, popcnt, avx, aes, clmul, erms, ht, tsc, tscinvbit, tscinv

Memory: 4k page, physical 8202600k(2132932k free), swap 8202600k(5176k free)

vm_info: Java HotSpot(TM) 64-Bit Server VM (25.65-b01) for windows-amd64 JRE (1.8.0_65-b17), built on Oct  6 2015 16:39:20 by "java_re" with MS VC++ 10.0 (VS2010)

time: Fri Nov 27 14:58:47 2015
elapsed time: 29 seconds (0d 0h 0m 29s)

